{"uid":"3a3bec840a06cdf3","name":"user can create a new event under the Calendar module","fullName":"src/test/resources/features/CalendarModuleFunctionality_Jika.feature:27","historyId":"5e0045e2a21ea534318630c7d166cab2","time":{"start":1711307145324,"stop":1711307174628,"duration":29304},"description":"  User Story :\n  As a user, I should be able to see Daily-Weekly-Monthly calendar view\n  and create a new event under the Calendar module US-005","descriptionHtml":"<p>User Story :<br />\nAs a user, I should be able to see Daily-Weekly-Monthly calendar view<br />\nand create a new event under the Calendar module US-005</p>\n","status":"broken","statusMessage":"stale element reference: stale element not found\n  (Session info: chrome=122.0.6261.128)\nFor documentation on this error, please visit: https://www.selenium.dev/documentation/webdriver/troubleshooting/errors#stale-element-reference-exception\nBuild info: version: '4.18.1', revision: 'b1d3319b48'\nSystem info: os.name: 'Linux', os.arch: 'amd64', os.version: '6.5.0-1016-azure', java.version: '11.0.22'\nDriver info: org.openqa.selenium.chrome.ChromeDriver\nCommand: [1e1ad246bb877b4d43af4741af5acd13, isElementDisplayed {id=f.F7FD99F44CE8B2F3AB2C2E10ABA16CFE.d.1156C9BDD0626D28CAB1ED9B6E4837A0.e.125}]\nCapabilities {acceptInsecureCerts: false, browserName: chrome, browserVersion: 122.0.6261.128, chrome: {chromedriverVersion: 122.0.6261.128 (f18a44fedeb..., userDataDir: /tmp/.org.chromium.Chromium...}, fedcm:accounts: true, goog:chromeOptions: {debuggerAddress: localhost:36783}, networkConnectionEnabled: false, pageLoadStrategy: normal, platformName: linux, proxy: Proxy(), se:cdp: ws://localhost:36783/devtoo..., se:cdpVersion: 122.0.6261.128, setWindowRect: true, strictFileInteractability: false, timeouts: {implicit: 0, pageLoad: 300000, script: 30000}, unhandledPromptBehavior: dismiss and notify, webauthn:extension:credBlob: true, webauthn:extension:largeBlob: true, webauthn:extension:minPinLength: true, webauthn:extension:prf: true, webauthn:virtualAuthenticators: true}\nElement: [[ChromeDriver: chrome on linux (1e1ad246bb877b4d43af4741af5acd13)] -> xpath: //td[@data-date='2024-03-27']//div[.='8:00 PM']/..]\nSession ID: 1e1ad246bb877b4d43af4741af5acd13","statusTrace":"org.openqa.selenium.StaleElementReferenceException: stale element reference: stale element not found\n  (Session info: chrome=122.0.6261.128)\nFor documentation on this error, please visit: https://www.selenium.dev/documentation/webdriver/troubleshooting/errors#stale-element-reference-exception\nBuild info: version: '4.18.1', revision: 'b1d3319b48'\nSystem info: os.name: 'Linux', os.arch: 'amd64', os.version: '6.5.0-1016-azure', java.version: '11.0.22'\nDriver info: org.openqa.selenium.chrome.ChromeDriver\nCommand: [1e1ad246bb877b4d43af4741af5acd13, isElementDisplayed {id=f.F7FD99F44CE8B2F3AB2C2E10ABA16CFE.d.1156C9BDD0626D28CAB1ED9B6E4837A0.e.125}]\nCapabilities {acceptInsecureCerts: false, browserName: chrome, browserVersion: 122.0.6261.128, chrome: {chromedriverVersion: 122.0.6261.128 (f18a44fedeb..., userDataDir: /tmp/.org.chromium.Chromium...}, fedcm:accounts: true, goog:chromeOptions: {debuggerAddress: localhost:36783}, networkConnectionEnabled: false, pageLoadStrategy: normal, platformName: linux, proxy: Proxy(), se:cdp: ws://localhost:36783/devtoo..., se:cdpVersion: 122.0.6261.128, setWindowRect: true, strictFileInteractability: false, timeouts: {implicit: 0, pageLoad: 300000, script: 30000}, unhandledPromptBehavior: dismiss and notify, webauthn:extension:credBlob: true, webauthn:extension:largeBlob: true, webauthn:extension:minPinLength: true, webauthn:extension:prf: true, webauthn:virtualAuthenticators: true}\nElement: [[ChromeDriver: chrome on linux (1e1ad246bb877b4d43af4741af5acd13)] -> xpath: //td[@data-date='2024-03-27']//div[.='8:00 PM']/..]\nSession ID: 1e1ad246bb877b4d43af4741af5acd13\n\tat java.base/jdk.internal.reflect.NativeConstructorAccessorImpl.newInstance0(Native Method)\n\tat java.base/jdk.internal.reflect.NativeConstructorAccessorImpl.newInstance(NativeConstructorAccessorImpl.java:62)\n\tat java.base/jdk.internal.reflect.DelegatingConstructorAccessorImpl.newInstance(DelegatingConstructorAccessorImpl.java:45)\n\tat java.base/java.lang.reflect.Constructor.newInstance(Constructor.java:490)\n\tat org.openqa.selenium.remote.ErrorCodec.decode(ErrorCodec.java:167)\n\tat org.openqa.selenium.remote.codec.w3c.W3CHttpResponseCodec.decode(W3CHttpResponseCodec.java:138)\n\tat org.openqa.selenium.remote.codec.w3c.W3CHttpResponseCodec.decode(W3CHttpResponseCodec.java:50)\n\tat org.openqa.selenium.remote.HttpCommandExecutor.execute(HttpCommandExecutor.java:190)\n\tat org.openqa.selenium.remote.service.DriverCommandExecutor.invokeExecute(DriverCommandExecutor.java:216)\n\tat org.openqa.selenium.remote.service.DriverCommandExecutor.execute(DriverCommandExecutor.java:174)\n\tat org.openqa.selenium.remote.RemoteWebDriver.execute(RemoteWebDriver.java:519)\n\tat org.openqa.selenium.remote.RemoteWebElement.execute(RemoteWebElement.java:223)\n\tat org.openqa.selenium.remote.RemoteWebElement.isDisplayed(RemoteWebElement.java:282)\n\tat com.symund.pages.CalendarPage.isEventVisible(CalendarPage.java:90)\n\tat com.symund.step_definitions.CalendarModuleFunctionality_StepDef.userShouldSeeTheNewEventWithGivenAndThroughTheMonthlyCalendarView(CalendarModuleFunctionality_StepDef.java:89)\n\tat ✽.user should see the new event with given \"2024-03-27\" and \"8:00 PM\" through the Monthly Calendar view(file:///home/runner/work/Symund-B32G26/Symund-B32G26/src/test/resources/features/CalendarModuleFunctionality_Jika.feature:31)\n","flaky":false,"newFailed":false,"newBroken":false,"newPassed":false,"retriesCount":0,"retriesStatusChange":false,"beforeStages":[{"name":"com.symund.step_definitions.Hooks.setupMethod()","time":{"start":1711307145324,"stop":1711307146690,"duration":1366},"status":"passed","steps":[],"attachments":[],"parameters":[],"shouldDisplayMessage":false,"stepsCount":0,"attachmentsCount":0,"hasContent":false,"attachmentStep":false}],"testStage":{"description":"  User Story :\n  As a user, I should be able to see Daily-Weekly-Monthly calendar view\n  and create a new event under the Calendar module US-005","status":"broken","statusMessage":"stale element reference: stale element not found\n  (Session info: chrome=122.0.6261.128)\nFor documentation on this error, please visit: https://www.selenium.dev/documentation/webdriver/troubleshooting/errors#stale-element-reference-exception\nBuild info: version: '4.18.1', revision: 'b1d3319b48'\nSystem info: os.name: 'Linux', os.arch: 'amd64', os.version: '6.5.0-1016-azure', java.version: '11.0.22'\nDriver info: org.openqa.selenium.chrome.ChromeDriver\nCommand: [1e1ad246bb877b4d43af4741af5acd13, isElementDisplayed {id=f.F7FD99F44CE8B2F3AB2C2E10ABA16CFE.d.1156C9BDD0626D28CAB1ED9B6E4837A0.e.125}]\nCapabilities {acceptInsecureCerts: false, browserName: chrome, browserVersion: 122.0.6261.128, chrome: {chromedriverVersion: 122.0.6261.128 (f18a44fedeb..., userDataDir: /tmp/.org.chromium.Chromium...}, fedcm:accounts: true, goog:chromeOptions: {debuggerAddress: localhost:36783}, networkConnectionEnabled: false, pageLoadStrategy: normal, platformName: linux, proxy: Proxy(), se:cdp: ws://localhost:36783/devtoo..., se:cdpVersion: 122.0.6261.128, setWindowRect: true, strictFileInteractability: false, timeouts: {implicit: 0, pageLoad: 300000, script: 30000}, unhandledPromptBehavior: dismiss and notify, webauthn:extension:credBlob: true, webauthn:extension:largeBlob: true, webauthn:extension:minPinLength: true, webauthn:extension:prf: true, webauthn:virtualAuthenticators: true}\nElement: [[ChromeDriver: chrome on linux (1e1ad246bb877b4d43af4741af5acd13)] -> xpath: //td[@data-date='2024-03-27']//div[.='8:00 PM']/..]\nSession ID: 1e1ad246bb877b4d43af4741af5acd13","statusTrace":"org.openqa.selenium.StaleElementReferenceException: stale element reference: stale element not found\n  (Session info: chrome=122.0.6261.128)\nFor documentation on this error, please visit: https://www.selenium.dev/documentation/webdriver/troubleshooting/errors#stale-element-reference-exception\nBuild info: version: '4.18.1', revision: 'b1d3319b48'\nSystem info: os.name: 'Linux', os.arch: 'amd64', os.version: '6.5.0-1016-azure', java.version: '11.0.22'\nDriver info: org.openqa.selenium.chrome.ChromeDriver\nCommand: [1e1ad246bb877b4d43af4741af5acd13, isElementDisplayed {id=f.F7FD99F44CE8B2F3AB2C2E10ABA16CFE.d.1156C9BDD0626D28CAB1ED9B6E4837A0.e.125}]\nCapabilities {acceptInsecureCerts: false, browserName: chrome, browserVersion: 122.0.6261.128, chrome: {chromedriverVersion: 122.0.6261.128 (f18a44fedeb..., userDataDir: /tmp/.org.chromium.Chromium...}, fedcm:accounts: true, goog:chromeOptions: {debuggerAddress: localhost:36783}, networkConnectionEnabled: false, pageLoadStrategy: normal, platformName: linux, proxy: Proxy(), se:cdp: ws://localhost:36783/devtoo..., se:cdpVersion: 122.0.6261.128, setWindowRect: true, strictFileInteractability: false, timeouts: {implicit: 0, pageLoad: 300000, script: 30000}, unhandledPromptBehavior: dismiss and notify, webauthn:extension:credBlob: true, webauthn:extension:largeBlob: true, webauthn:extension:minPinLength: true, webauthn:extension:prf: true, webauthn:virtualAuthenticators: true}\nElement: [[ChromeDriver: chrome on linux (1e1ad246bb877b4d43af4741af5acd13)] -> xpath: //td[@data-date='2024-03-27']//div[.='8:00 PM']/..]\nSession ID: 1e1ad246bb877b4d43af4741af5acd13\n\tat java.base/jdk.internal.reflect.NativeConstructorAccessorImpl.newInstance0(Native Method)\n\tat java.base/jdk.internal.reflect.NativeConstructorAccessorImpl.newInstance(NativeConstructorAccessorImpl.java:62)\n\tat java.base/jdk.internal.reflect.DelegatingConstructorAccessorImpl.newInstance(DelegatingConstructorAccessorImpl.java:45)\n\tat java.base/java.lang.reflect.Constructor.newInstance(Constructor.java:490)\n\tat org.openqa.selenium.remote.ErrorCodec.decode(ErrorCodec.java:167)\n\tat org.openqa.selenium.remote.codec.w3c.W3CHttpResponseCodec.decode(W3CHttpResponseCodec.java:138)\n\tat org.openqa.selenium.remote.codec.w3c.W3CHttpResponseCodec.decode(W3CHttpResponseCodec.java:50)\n\tat org.openqa.selenium.remote.HttpCommandExecutor.execute(HttpCommandExecutor.java:190)\n\tat org.openqa.selenium.remote.service.DriverCommandExecutor.invokeExecute(DriverCommandExecutor.java:216)\n\tat org.openqa.selenium.remote.service.DriverCommandExecutor.execute(DriverCommandExecutor.java:174)\n\tat org.openqa.selenium.remote.RemoteWebDriver.execute(RemoteWebDriver.java:519)\n\tat org.openqa.selenium.remote.RemoteWebElement.execute(RemoteWebElement.java:223)\n\tat org.openqa.selenium.remote.RemoteWebElement.isDisplayed(RemoteWebElement.java:282)\n\tat com.symund.pages.CalendarPage.isEventVisible(CalendarPage.java:90)\n\tat com.symund.step_definitions.CalendarModuleFunctionality_StepDef.userShouldSeeTheNewEventWithGivenAndThroughTheMonthlyCalendarView(CalendarModuleFunctionality_StepDef.java:89)\n\tat ✽.user should see the new event with given \"2024-03-27\" and \"8:00 PM\" through the Monthly Calendar view(file:///home/runner/work/Symund-B32G26/Symund-B32G26/src/test/resources/features/CalendarModuleFunctionality_Jika.feature:31)\n","steps":[{"name":"Given  the user logs in with username \"Employee40\" and password \"Employee123\"","time":{"start":1711307146690,"stop":1711307151410,"duration":4720},"status":"passed","steps":[],"attachments":[],"parameters":[],"shouldDisplayMessage":false,"stepsCount":0,"attachmentsCount":0,"hasContent":false,"attachmentStep":false},{"name":"When  user navigates to the Calendar module page","time":{"start":1711307151411,"stop":1711307153455,"duration":2044},"status":"passed","steps":[],"attachments":[],"parameters":[],"shouldDisplayMessage":false,"stepsCount":0,"attachmentsCount":0,"hasContent":false,"attachmentStep":false},{"name":"When  user enters event name \"Meeting\",","time":{"start":1711307153455,"stop":1711307163823,"duration":10368},"status":"passed","steps":[],"attachments":[],"parameters":[],"shouldDisplayMessage":false,"stepsCount":0,"attachmentsCount":0,"hasContent":false,"attachmentStep":false},{"name":"And  user enters starting date \"03/27/2024\", \"8:00\",\"PM\"","time":{"start":1711307163823,"stop":1711307168967,"duration":5144},"status":"passed","steps":[],"attachments":[],"parameters":[],"shouldDisplayMessage":false,"stepsCount":0,"attachmentsCount":0,"hasContent":false,"attachmentStep":false},{"name":"And  user enters ending date \"03/27/2024\", \"9:00\",\"PM\" and save it","time":{"start":1711307168967,"stop":1711307169357,"duration":390},"status":"passed","steps":[],"attachments":[],"parameters":[],"shouldDisplayMessage":false,"stepsCount":0,"attachmentsCount":0,"hasContent":false,"attachmentStep":false},{"name":"Then  user should see the new event with given \"2024-03-27\" and \"8:00 PM\" through the Monthly Calendar view","time":{"start":1711307169357,"stop":1711307174409,"duration":5052},"status":"broken","statusMessage":"stale element reference: stale element not found\n  (Session info: chrome=122.0.6261.128)\nFor documentation on this error, please visit: https://www.selenium.dev/documentation/webdriver/troubleshooting/errors#stale-element-reference-exception\nBuild info: version: '4.18.1', revision: 'b1d3319b48'\nSystem info: os.name: 'Linux', os.arch: 'amd64', os.version: '6.5.0-1016-azure', java.version: '11.0.22'\nDriver info: org.openqa.selenium.chrome.ChromeDriver\nCommand: [1e1ad246bb877b4d43af4741af5acd13, isElementDisplayed {id=f.F7FD99F44CE8B2F3AB2C2E10ABA16CFE.d.1156C9BDD0626D28CAB1ED9B6E4837A0.e.125}]\nCapabilities {acceptInsecureCerts: false, browserName: chrome, browserVersion: 122.0.6261.128, chrome: {chromedriverVersion: 122.0.6261.128 (f18a44fedeb..., userDataDir: /tmp/.org.chromium.Chromium...}, fedcm:accounts: true, goog:chromeOptions: {debuggerAddress: localhost:36783}, networkConnectionEnabled: false, pageLoadStrategy: normal, platformName: linux, proxy: Proxy(), se:cdp: ws://localhost:36783/devtoo..., se:cdpVersion: 122.0.6261.128, setWindowRect: true, strictFileInteractability: false, timeouts: {implicit: 0, pageLoad: 300000, script: 30000}, unhandledPromptBehavior: dismiss and notify, webauthn:extension:credBlob: true, webauthn:extension:largeBlob: true, webauthn:extension:minPinLength: true, webauthn:extension:prf: true, webauthn:virtualAuthenticators: true}\nElement: [[ChromeDriver: chrome on linux (1e1ad246bb877b4d43af4741af5acd13)] -> xpath: //td[@data-date='2024-03-27']//div[.='8:00 PM']/..]\nSession ID: 1e1ad246bb877b4d43af4741af5acd13","statusTrace":"org.openqa.selenium.StaleElementReferenceException: stale element reference: stale element not found\n  (Session info: chrome=122.0.6261.128)\nFor documentation on this error, please visit: https://www.selenium.dev/documentation/webdriver/troubleshooting/errors#stale-element-reference-exception\nBuild info: version: '4.18.1', revision: 'b1d3319b48'\nSystem info: os.name: 'Linux', os.arch: 'amd64', os.version: '6.5.0-1016-azure', java.version: '11.0.22'\nDriver info: org.openqa.selenium.chrome.ChromeDriver\nCommand: [1e1ad246bb877b4d43af4741af5acd13, isElementDisplayed {id=f.F7FD99F44CE8B2F3AB2C2E10ABA16CFE.d.1156C9BDD0626D28CAB1ED9B6E4837A0.e.125}]\nCapabilities {acceptInsecureCerts: false, browserName: chrome, browserVersion: 122.0.6261.128, chrome: {chromedriverVersion: 122.0.6261.128 (f18a44fedeb..., userDataDir: /tmp/.org.chromium.Chromium...}, fedcm:accounts: true, goog:chromeOptions: {debuggerAddress: localhost:36783}, networkConnectionEnabled: false, pageLoadStrategy: normal, platformName: linux, proxy: Proxy(), se:cdp: ws://localhost:36783/devtoo..., se:cdpVersion: 122.0.6261.128, setWindowRect: true, strictFileInteractability: false, timeouts: {implicit: 0, pageLoad: 300000, script: 30000}, unhandledPromptBehavior: dismiss and notify, webauthn:extension:credBlob: true, webauthn:extension:largeBlob: true, webauthn:extension:minPinLength: true, webauthn:extension:prf: true, webauthn:virtualAuthenticators: true}\nElement: [[ChromeDriver: chrome on linux (1e1ad246bb877b4d43af4741af5acd13)] -> xpath: //td[@data-date='2024-03-27']//div[.='8:00 PM']/..]\nSession ID: 1e1ad246bb877b4d43af4741af5acd13\n\tat java.base/jdk.internal.reflect.NativeConstructorAccessorImpl.newInstance0(Native Method)\n\tat java.base/jdk.internal.reflect.NativeConstructorAccessorImpl.newInstance(NativeConstructorAccessorImpl.java:62)\n\tat java.base/jdk.internal.reflect.DelegatingConstructorAccessorImpl.newInstance(DelegatingConstructorAccessorImpl.java:45)\n\tat java.base/java.lang.reflect.Constructor.newInstance(Constructor.java:490)\n\tat org.openqa.selenium.remote.ErrorCodec.decode(ErrorCodec.java:167)\n\tat org.openqa.selenium.remote.codec.w3c.W3CHttpResponseCodec.decode(W3CHttpResponseCodec.java:138)\n\tat org.openqa.selenium.remote.codec.w3c.W3CHttpResponseCodec.decode(W3CHttpResponseCodec.java:50)\n\tat org.openqa.selenium.remote.HttpCommandExecutor.execute(HttpCommandExecutor.java:190)\n\tat org.openqa.selenium.remote.service.DriverCommandExecutor.invokeExecute(DriverCommandExecutor.java:216)\n\tat org.openqa.selenium.remote.service.DriverCommandExecutor.execute(DriverCommandExecutor.java:174)\n\tat org.openqa.selenium.remote.RemoteWebDriver.execute(RemoteWebDriver.java:519)\n\tat org.openqa.selenium.remote.RemoteWebElement.execute(RemoteWebElement.java:223)\n\tat org.openqa.selenium.remote.RemoteWebElement.isDisplayed(RemoteWebElement.java:282)\n\tat com.symund.pages.CalendarPage.isEventVisible(CalendarPage.java:90)\n\tat com.symund.step_definitions.CalendarModuleFunctionality_StepDef.userShouldSeeTheNewEventWithGivenAndThroughTheMonthlyCalendarView(CalendarModuleFunctionality_StepDef.java:89)\n\tat ✽.user should see the new event with given \"2024-03-27\" and \"8:00 PM\" through the Monthly Calendar view(file:///home/runner/work/Symund-B32G26/Symund-B32G26/src/test/resources/features/CalendarModuleFunctionality_Jika.feature:31)\n","steps":[],"attachments":[],"parameters":[],"shouldDisplayMessage":true,"stepsCount":0,"attachmentsCount":0,"hasContent":true,"attachmentStep":false}],"attachments":[],"parameters":[],"shouldDisplayMessage":false,"stepsCount":6,"attachmentsCount":0,"hasContent":true,"attachmentStep":false},"afterStages":[{"name":"com.symund.step_definitions.Hooks.tearDown(io.cucumber.java.Scenario)","time":{"start":1711307174413,"stop":1711307174622,"duration":209},"status":"passed","steps":[],"attachments":[{"uid":"dfe9f364d3f1795e","name":"user can create a new event under the Calendar module","source":"dfe9f364d3f1795e.png","type":"image/png","size":78395}],"parameters":[],"shouldDisplayMessage":false,"stepsCount":0,"attachmentsCount":1,"hasContent":true,"attachmentStep":false}],"labels":[{"name":"tag","value":"B32G26-129"},{"name":"host","value":"fv-az1426-296"},{"name":"thread","value":"2412@fv-az1426-296.main(1)"},{"name":"feature","value":"Calendar module functionality"},{"name":"story","value":"user can create a new event under the Calendar module"},{"name":"suite","value":"Calendar module functionality"},{"name":"testClass","value":"user can create a new event under the Calendar module"},{"name":"framework","value":"cucumber4jvm"},{"name":"language","value":"java"},{"name":"gherkin_uri","value":"file:///home/runner/work/Symund-B32G26/Symund-B32G26/src/test/resources/features/CalendarModuleFunctionality_Jika.feature"},{"name":"package","value":"src.test.resources.features.CalendarModuleFunctionality_Jika_feature.Calendar module functionality"},{"name":"resultFormat","value":"allure2"}],"parameters":[],"links":[],"hidden":false,"retry":false,"extra":{"severity":"normal","retries":[],"categories":[{"name":"Test defects","matchedStatuses":[],"flaky":false}],"history":{"statistic":{"failed":0,"broken":8,"skipped":0,"passed":7,"unknown":0,"total":15},"items":[{"uid":"3c1187774b6665dd","reportUrl":"https://emiryazicii.github.io/Symund-B32G26/35//#testresult/3c1187774b6665dd","status":"broken","statusDetails":"stale element reference: stale element not found\n  (Session info: chrome=122.0.6261.128)\nFor documentation on this error, please visit: https://www.selenium.dev/documentation/webdriver/troubleshooting/errors#stale-element-reference-exception\nBuild info: version: '4.18.1', revision: 'b1d3319b48'\nSystem info: os.name: 'Linux', os.arch: 'amd64', os.version: '6.5.0-1016-azure', java.version: '11.0.22'\nDriver info: org.openqa.selenium.chrome.ChromeDriver\nCommand: [0bda3c4555d296fadc526b3e339ec817, isElementDisplayed {id=f.24D4A82D1D7BF643DB734435969D834D.d.66CF1043B002CCEF6B56EB23B6FB79D8.e.159}]\nCapabilities {acceptInsecureCerts: false, browserName: chrome, browserVersion: 122.0.6261.128, chrome: {chromedriverVersion: 122.0.6261.128 (f18a44fedeb..., userDataDir: /tmp/.org.chromium.Chromium...}, fedcm:accounts: true, goog:chromeOptions: {debuggerAddress: localhost:36749}, networkConnectionEnabled: false, pageLoadStrategy: normal, platformName: linux, proxy: Proxy(), se:cdp: ws://localhost:36749/devtoo..., se:cdpVersion: 122.0.6261.128, setWindowRect: true, strictFileInteractability: false, timeouts: {implicit: 0, pageLoad: 300000, script: 30000}, unhandledPromptBehavior: dismiss and notify, webauthn:extension:credBlob: true, webauthn:extension:largeBlob: true, webauthn:extension:minPinLength: true, webauthn:extension:prf: true, webauthn:virtualAuthenticators: true}\nElement: [[ChromeDriver: chrome on linux (0bda3c4555d296fadc526b3e339ec817)] -> xpath: //td[@data-date='2024-03-27']//div[.='8:00 PM']/..]\nSession ID: 0bda3c4555d296fadc526b3e339ec817","time":{"start":1711298254399,"stop":1711298285982,"duration":31583}},{"uid":"a9c8fb5c0487fe55","reportUrl":"https://emiryazicii.github.io/Symund-B32G26/35//#testresult/a9c8fb5c0487fe55","status":"broken","statusDetails":"stale element reference: stale element not found\n  (Session info: chrome=122.0.6261.128)\nFor documentation on this error, please visit: https://www.selenium.dev/documentation/webdriver/troubleshooting/errors#stale-element-reference-exception\nBuild info: version: '4.18.1', revision: 'b1d3319b48'\nSystem info: os.name: 'Linux', os.arch: 'amd64', os.version: '6.5.0-1016-azure', java.version: '11.0.22'\nDriver info: org.openqa.selenium.chrome.ChromeDriver\nCommand: [487996f4729f391ee18eda47997194b6, isElementDisplayed {id=f.853447C0DF2CCAE7D610E8CAB1204C29.d.9C6038ECAECC0F93BE5E3FB2AEFD580F.e.145}]\nCapabilities {acceptInsecureCerts: false, browserName: chrome, browserVersion: 122.0.6261.128, chrome: {chromedriverVersion: 122.0.6261.128 (f18a44fedeb..., userDataDir: /tmp/.org.chromium.Chromium...}, fedcm:accounts: true, goog:chromeOptions: {debuggerAddress: localhost:46031}, networkConnectionEnabled: false, pageLoadStrategy: normal, platformName: linux, proxy: Proxy(), se:cdp: ws://localhost:46031/devtoo..., se:cdpVersion: 122.0.6261.128, setWindowRect: true, strictFileInteractability: false, timeouts: {implicit: 0, pageLoad: 300000, script: 30000}, unhandledPromptBehavior: dismiss and notify, webauthn:extension:credBlob: true, webauthn:extension:largeBlob: true, webauthn:extension:minPinLength: true, webauthn:extension:prf: true, webauthn:virtualAuthenticators: true}\nElement: [[ChromeDriver: chrome on linux (487996f4729f391ee18eda47997194b6)] -> xpath: //td[@data-date='2024-03-27']//div[.='8:00 PM']/..]\nSession ID: 487996f4729f391ee18eda47997194b6","time":{"start":1711297083971,"stop":1711297113730,"duration":29759}},{"uid":"3cad398e3f7af4b8","reportUrl":"https://emiryazicii.github.io/Symund-B32G26/34//#testresult/3cad398e3f7af4b8","status":"broken","statusDetails":"stale element reference: stale element not found\n  (Session info: chrome=122.0.6261.128)\nFor documentation on this error, please visit: https://www.selenium.dev/documentation/webdriver/troubleshooting/errors#stale-element-reference-exception\nBuild info: version: '4.18.1', revision: 'b1d3319b48'\nSystem info: os.name: 'Linux', os.arch: 'amd64', os.version: '6.5.0-1016-azure', java.version: '11.0.22'\nDriver info: org.openqa.selenium.chrome.ChromeDriver\nCommand: [8380e2978aa3b05a6c5eaeeb10f713a3, isElementDisplayed {id=f.F43049B2C580624FA675E436DCCAB556.d.4BD1AFF9B51FFB097548696946E6737C.e.127}]\nCapabilities {acceptInsecureCerts: false, browserName: chrome, browserVersion: 122.0.6261.128, chrome: {chromedriverVersion: 122.0.6261.128 (f18a44fedeb..., userDataDir: /tmp/.org.chromium.Chromium...}, fedcm:accounts: true, goog:chromeOptions: {debuggerAddress: localhost:37325}, networkConnectionEnabled: false, pageLoadStrategy: normal, platformName: linux, proxy: Proxy(), se:cdp: ws://localhost:37325/devtoo..., se:cdpVersion: 122.0.6261.128, setWindowRect: true, strictFileInteractability: false, timeouts: {implicit: 0, pageLoad: 300000, script: 30000}, unhandledPromptBehavior: dismiss and notify, webauthn:extension:credBlob: true, webauthn:extension:largeBlob: true, webauthn:extension:minPinLength: true, webauthn:extension:prf: true, webauthn:virtualAuthenticators: true}\nElement: [[ChromeDriver: chrome on linux (8380e2978aa3b05a6c5eaeeb10f713a3)] -> xpath: //td[@data-date='2024-03-27']//div[.='8:00 PM']/..]\nSession ID: 8380e2978aa3b05a6c5eaeeb10f713a3","time":{"start":1711295943992,"stop":1711295973366,"duration":29374}},{"uid":"adf95c14be5661b4","reportUrl":"https://emiryazicii.github.io/Symund-B32G26/33//#testresult/adf95c14be5661b4","status":"broken","statusDetails":"stale element reference: stale element not found\n  (Session info: chrome=122.0.6261.128)\nFor documentation on this error, please visit: https://www.selenium.dev/documentation/webdriver/troubleshooting/errors#stale-element-reference-exception\nBuild info: version: '4.18.1', revision: 'b1d3319b48'\nSystem info: os.name: 'Linux', os.arch: 'amd64', os.version: '6.5.0-1016-azure', java.version: '11.0.22'\nDriver info: org.openqa.selenium.chrome.ChromeDriver\nCommand: [45372f1309a0e161a9398fc536f00fc1, isElementDisplayed {id=f.C7DBF76B9621085DFBA4DA911C57083B.d.77A27F3882DB48C693555F1E9FB45930.e.133}]\nCapabilities {acceptInsecureCerts: false, browserName: chrome, browserVersion: 122.0.6261.128, chrome: {chromedriverVersion: 122.0.6261.128 (f18a44fedeb..., userDataDir: /tmp/.org.chromium.Chromium...}, fedcm:accounts: true, goog:chromeOptions: {debuggerAddress: localhost:39269}, networkConnectionEnabled: false, pageLoadStrategy: normal, platformName: linux, proxy: Proxy(), se:cdp: ws://localhost:39269/devtoo..., se:cdpVersion: 122.0.6261.128, setWindowRect: true, strictFileInteractability: false, timeouts: {implicit: 0, pageLoad: 300000, script: 30000}, unhandledPromptBehavior: dismiss and notify, webauthn:extension:credBlob: true, webauthn:extension:largeBlob: true, webauthn:extension:minPinLength: true, webauthn:extension:prf: true, webauthn:virtualAuthenticators: true}\nElement: [[ChromeDriver: chrome on linux (45372f1309a0e161a9398fc536f00fc1)] -> xpath: //td[@data-date='2024-03-27']//div[.='8:00 PM']/..]\nSession ID: 45372f1309a0e161a9398fc536f00fc1","time":{"start":1711262259525,"stop":1711262289381,"duration":29856}},{"uid":"821f7830709e29c4","reportUrl":"https://emiryazicii.github.io/Symund-B32G26/33//#testresult/821f7830709e29c4","status":"broken","statusDetails":"stale element reference: stale element not found\n  (Session info: chrome=122.0.6261.128)\nFor documentation on this error, please visit: https://www.selenium.dev/documentation/webdriver/troubleshooting/errors#stale-element-reference-exception\nBuild info: version: '4.18.1', revision: 'b1d3319b48'\nSystem info: os.name: 'Linux', os.arch: 'amd64', os.version: '6.5.0-1016-azure', java.version: '11.0.22'\nDriver info: org.openqa.selenium.chrome.ChromeDriver\nCommand: [b4b9a3bc275b4d592ec7d271fea06b01, isElementDisplayed {id=f.E4B1196EABCEE23750F9EF5A184D995E.d.0043253A49DBFE59B3EC540A6F415819.e.142}]\nCapabilities {acceptInsecureCerts: false, browserName: chrome, browserVersion: 122.0.6261.128, chrome: {chromedriverVersion: 122.0.6261.128 (f18a44fedeb..., userDataDir: /tmp/.org.chromium.Chromium...}, fedcm:accounts: true, goog:chromeOptions: {debuggerAddress: localhost:46037}, networkConnectionEnabled: false, pageLoadStrategy: normal, platformName: linux, proxy: Proxy(), se:cdp: ws://localhost:46037/devtoo..., se:cdpVersion: 122.0.6261.128, setWindowRect: true, strictFileInteractability: false, timeouts: {implicit: 0, pageLoad: 300000, script: 30000}, unhandledPromptBehavior: dismiss and notify, webauthn:extension:credBlob: true, webauthn:extension:largeBlob: true, webauthn:extension:minPinLength: true, webauthn:extension:prf: true, webauthn:virtualAuthenticators: true}\nElement: [[ChromeDriver: chrome on linux (b4b9a3bc275b4d592ec7d271fea06b01)] -> xpath: //td[@data-date='2024-03-27']//div[.='8:00 PM']/..]\nSession ID: b4b9a3bc275b4d592ec7d271fea06b01","time":{"start":1711261084264,"stop":1711261113476,"duration":29212}},{"uid":"ce294486db6beccf","reportUrl":"https://emiryazicii.github.io/Symund-B32G26/32//#testresult/ce294486db6beccf","status":"broken","statusDetails":"stale element reference: stale element not found\n  (Session info: chrome=122.0.6261.128)\nFor documentation on this error, please visit: https://www.selenium.dev/documentation/webdriver/troubleshooting/errors#stale-element-reference-exception\nBuild info: version: '4.18.1', revision: 'b1d3319b48'\nSystem info: os.name: 'Linux', os.arch: 'amd64', os.version: '6.5.0-1016-azure', java.version: '11.0.22'\nDriver info: org.openqa.selenium.chrome.ChromeDriver\nCommand: [8d237fd73566876667d409876f7e69e1, isElementDisplayed {id=f.2E3AF1F8C3BD720955256615791C7DEE.d.9DD8919A0205945C4516806E68FC1561.e.150}]\nCapabilities {acceptInsecureCerts: false, browserName: chrome, browserVersion: 122.0.6261.128, chrome: {chromedriverVersion: 122.0.6261.128 (f18a44fedeb..., userDataDir: /tmp/.org.chromium.Chromium...}, fedcm:accounts: true, goog:chromeOptions: {debuggerAddress: localhost:35703}, networkConnectionEnabled: false, pageLoadStrategy: normal, platformName: linux, proxy: Proxy(), se:cdp: ws://localhost:35703/devtoo..., se:cdpVersion: 122.0.6261.128, setWindowRect: true, strictFileInteractability: false, timeouts: {implicit: 0, pageLoad: 300000, script: 30000}, unhandledPromptBehavior: dismiss and notify, webauthn:extension:credBlob: true, webauthn:extension:largeBlob: true, webauthn:extension:minPinLength: true, webauthn:extension:prf: true, webauthn:virtualAuthenticators: true}\nElement: [[ChromeDriver: chrome on linux (8d237fd73566876667d409876f7e69e1)] -> xpath: //td[@data-date='2024-03-27']//div[.='8:00 PM']/..]\nSession ID: 8d237fd73566876667d409876f7e69e1","time":{"start":1711259960674,"stop":1711259989928,"duration":29254}},{"uid":"40eed5f79d706985","reportUrl":"https://emiryazicii.github.io/Symund-B32G26/32//#testresult/40eed5f79d706985","status":"broken","statusDetails":"stale element reference: stale element not found\n  (Session info: chrome=122.0.6261.128)\nFor documentation on this error, please visit: https://www.selenium.dev/documentation/webdriver/troubleshooting/errors#stale-element-reference-exception\nBuild info: version: '4.18.1', revision: 'b1d3319b48'\nSystem info: os.name: 'Linux', os.arch: 'amd64', os.version: '6.5.0-1016-azure', java.version: '11.0.22'\nDriver info: org.openqa.selenium.chrome.ChromeDriver\nCommand: [2a60a4715d0f8058dc00c022950f7cec, isElementDisplayed {id=f.51F0AFEAE591785FECF8FC0D46E79675.d.0B260A6412A5558A7A6544FE5B75085C.e.146}]\nCapabilities {acceptInsecureCerts: false, browserName: chrome, browserVersion: 122.0.6261.128, chrome: {chromedriverVersion: 122.0.6261.128 (f18a44fedeb..., userDataDir: /tmp/.org.chromium.Chromium...}, fedcm:accounts: true, goog:chromeOptions: {debuggerAddress: localhost:41385}, networkConnectionEnabled: false, pageLoadStrategy: normal, platformName: linux, proxy: Proxy(), se:cdp: ws://localhost:41385/devtoo..., se:cdpVersion: 122.0.6261.128, setWindowRect: true, strictFileInteractability: false, timeouts: {implicit: 0, pageLoad: 300000, script: 30000}, unhandledPromptBehavior: dismiss and notify, webauthn:extension:credBlob: true, webauthn:extension:largeBlob: true, webauthn:extension:minPinLength: true, webauthn:extension:prf: true, webauthn:virtualAuthenticators: true}\nElement: [[ChromeDriver: chrome on linux (2a60a4715d0f8058dc00c022950f7cec)] -> xpath: //td[@data-date='2024-03-27']//div[.='8:00 PM']/..]\nSession ID: 2a60a4715d0f8058dc00c022950f7cec","time":{"start":1711259471123,"stop":1711259502446,"duration":31323}},{"uid":"a73ec0a15ebcb4c0","reportUrl":"https://emiryazicii.github.io/Symund-B32G26/31//#testresult/a73ec0a15ebcb4c0","status":"passed","time":{"start":1711257573758,"stop":1711257602830,"duration":29072}},{"uid":"6d4dd1cd26ae649e","reportUrl":"https://emiryazicii.github.io/Symund-B32G26/30//#testresult/6d4dd1cd26ae649e","status":"passed","time":{"start":1711256633043,"stop":1711256663545,"duration":30502}},{"uid":"94a38a6e63527f6c","reportUrl":"https://emiryazicii.github.io/Symund-B32G26/29//#testresult/94a38a6e63527f6c","status":"passed","time":{"start":1711254049795,"stop":1711254079608,"duration":29813}},{"uid":"c5922c12fe2a3d57","reportUrl":"https://emiryazicii.github.io/Symund-B32G26/28//#testresult/c5922c12fe2a3d57","status":"passed","time":{"start":1711236837177,"stop":1711236866612,"duration":29435}},{"uid":"4e93ceb3f947ee0a","reportUrl":"https://emiryazicii.github.io/Symund-B32G26/28//#testresult/4e93ceb3f947ee0a","status":"passed","time":{"start":1711235495449,"stop":1711235528781,"duration":33332}},{"uid":"4280e2dd10fd4df3","reportUrl":"https://emiryazicii.github.io/Symund-B32G26/26//#testresult/4280e2dd10fd4df3","status":"passed","time":{"start":1711234506989,"stop":1711234536883,"duration":29894}},{"uid":"f15c06c8aa42c31","reportUrl":"https://emiryazicii.github.io/Symund-B32G26/24//#testresult/f15c06c8aa42c31","status":"passed","time":{"start":1711232827711,"stop":1711232859095,"duration":31384}}]},"tags":["B32G26-129"]},"source":"3a3bec840a06cdf3.json","parameterValues":[]}