{"uid":"8d16a2aef7ef917e","name":"User can add a new card on any list on the current board","fullName":"src/test/resources/features/Deck_Emir.feature:50","historyId":"db8f6c93031718051e0b5513849c24b8","time":{"start":1711235713121,"stop":1711235734025,"duration":20904},"description":"  As a user, I should be able to manage my works by creating a new board/list/card and modifying them under Deck Module.","descriptionHtml":"<p>As a user, I should be able to manage my works by creating a new board/list/card and modifying them under Deck Module.</p>\n","status":"broken","statusMessage":"element click intercepted: Element <a data-v-6069ba79=\"\" data-v-9f64425c=\"\" href=\"#\" aria-expanded=\"false\" aria-controls=\"app-navigation-vue\" class=\"app-navigation-toggle\"></a> is not clickable at point (80, 72). Other element would receive the click: <h2 data-v-21ada253=\"\">...</h2>\n  (Session info: chrome=122.0.6261.128)\nBuild info: version: '4.18.1', revision: 'b1d3319b48'\nSystem info: os.name: 'Linux', os.arch: 'amd64', os.version: '6.5.0-1016-azure', java.version: '11.0.22'\nDriver info: org.openqa.selenium.chrome.ChromeDriver\nCommand: [8d4592cb99b6df389646f9d702c652d6, clickElement {id=f.3235F3949874AEA1F10BC59348B6329F.d.92F2532BEBBBD93E7EEE90EC8ADE0D6E.e.124}]\nCapabilities {acceptInsecureCerts: false, browserName: chrome, browserVersion: 122.0.6261.128, chrome: {chromedriverVersion: 122.0.6261.128 (f18a44fedeb..., userDataDir: /tmp/.org.chromium.Chromium...}, fedcm:accounts: true, goog:chromeOptions: {debuggerAddress: localhost:33593}, networkConnectionEnabled: false, pageLoadStrategy: normal, platformName: linux, proxy: Proxy(), se:cdp: ws://localhost:33593/devtoo..., se:cdpVersion: 122.0.6261.128, setWindowRect: true, strictFileInteractability: false, timeouts: {implicit: 0, pageLoad: 300000, script: 30000}, unhandledPromptBehavior: dismiss and notify, webauthn:extension:credBlob: true, webauthn:extension:largeBlob: true, webauthn:extension:minPinLength: true, webauthn:extension:prf: true, webauthn:virtualAuthenticators: true}\nElement: [[ChromeDriver: chrome on linux (8d4592cb99b6df389646f9d702c652d6)] -> css selector: a[class='app-navigation-toggle']]\nSession ID: 8d4592cb99b6df389646f9d702c652d6","statusTrace":"org.openqa.selenium.ElementClickInterceptedException: element click intercepted: Element <a data-v-6069ba79=\"\" data-v-9f64425c=\"\" href=\"#\" aria-expanded=\"false\" aria-controls=\"app-navigation-vue\" class=\"app-navigation-toggle\"></a> is not clickable at point (80, 72). Other element would receive the click: <h2 data-v-21ada253=\"\">...</h2>\n  (Session info: chrome=122.0.6261.128)\nBuild info: version: '4.18.1', revision: 'b1d3319b48'\nSystem info: os.name: 'Linux', os.arch: 'amd64', os.version: '6.5.0-1016-azure', java.version: '11.0.22'\nDriver info: org.openqa.selenium.chrome.ChromeDriver\nCommand: [8d4592cb99b6df389646f9d702c652d6, clickElement {id=f.3235F3949874AEA1F10BC59348B6329F.d.92F2532BEBBBD93E7EEE90EC8ADE0D6E.e.124}]\nCapabilities {acceptInsecureCerts: false, browserName: chrome, browserVersion: 122.0.6261.128, chrome: {chromedriverVersion: 122.0.6261.128 (f18a44fedeb..., userDataDir: /tmp/.org.chromium.Chromium...}, fedcm:accounts: true, goog:chromeOptions: {debuggerAddress: localhost:33593}, networkConnectionEnabled: false, pageLoadStrategy: normal, platformName: linux, proxy: Proxy(), se:cdp: ws://localhost:33593/devtoo..., se:cdpVersion: 122.0.6261.128, setWindowRect: true, strictFileInteractability: false, timeouts: {implicit: 0, pageLoad: 300000, script: 30000}, unhandledPromptBehavior: dismiss and notify, webauthn:extension:credBlob: true, webauthn:extension:largeBlob: true, webauthn:extension:minPinLength: true, webauthn:extension:prf: true, webauthn:virtualAuthenticators: true}\nElement: [[ChromeDriver: chrome on linux (8d4592cb99b6df389646f9d702c652d6)] -> css selector: a[class='app-navigation-toggle']]\nSession ID: 8d4592cb99b6df389646f9d702c652d6\n\tat java.base/jdk.internal.reflect.NativeConstructorAccessorImpl.newInstance0(Native Method)\n\tat java.base/jdk.internal.reflect.NativeConstructorAccessorImpl.newInstance(NativeConstructorAccessorImpl.java:62)\n\tat java.base/jdk.internal.reflect.DelegatingConstructorAccessorImpl.newInstance(DelegatingConstructorAccessorImpl.java:45)\n\tat java.base/java.lang.reflect.Constructor.newInstance(Constructor.java:490)\n\tat org.openqa.selenium.remote.ErrorCodec.decode(ErrorCodec.java:167)\n\tat org.openqa.selenium.remote.codec.w3c.W3CHttpResponseCodec.decode(W3CHttpResponseCodec.java:138)\n\tat org.openqa.selenium.remote.codec.w3c.W3CHttpResponseCodec.decode(W3CHttpResponseCodec.java:50)\n\tat org.openqa.selenium.remote.HttpCommandExecutor.execute(HttpCommandExecutor.java:190)\n\tat org.openqa.selenium.remote.service.DriverCommandExecutor.invokeExecute(DriverCommandExecutor.java:216)\n\tat org.openqa.selenium.remote.service.DriverCommandExecutor.execute(DriverCommandExecutor.java:174)\n\tat org.openqa.selenium.remote.RemoteWebDriver.execute(RemoteWebDriver.java:519)\n\tat org.openqa.selenium.remote.RemoteWebElement.execute(RemoteWebElement.java:223)\n\tat org.openqa.selenium.remote.RemoteWebElement.click(RemoteWebElement.java:76)\n\tat jdk.internal.reflect.GeneratedMethodAccessor86.invoke(Unknown Source)\n\tat java.base/jdk.internal.reflect.DelegatingMethodAccessorImpl.invoke(DelegatingMethodAccessorImpl.java:43)\n\tat java.base/java.lang.reflect.Method.invoke(Method.java:566)\n\tat org.openqa.selenium.support.pagefactory.internal.LocatingElementHandler.invoke(LocatingElementHandler.java:51)\n\tat com.sun.proxy.$Proxy22.click(Unknown Source)\n\tat com.symund.pages.DeckPage.clickAppNavigationToggle(DeckPage.java:218)\n\tat com.symund.step_definitions.DeckStepDefs.the_user_clicks_on_app_navigation_toggle(DeckStepDefs.java:21)\n\tat ✽.the user clicks on app navigation toggle(file:///home/runner/work/Symund-B32G26/Symund-B32G26/src/test/resources/features/Deck_Emir.feature:10)\n","flaky":false,"newFailed":false,"newBroken":true,"newPassed":false,"retriesCount":0,"retriesStatusChange":false,"beforeStages":[{"name":"com.symund.step_definitions.Hooks.setupMethod()","time":{"start":1711235713121,"stop":1711235716304,"duration":3183},"status":"passed","steps":[],"attachments":[],"parameters":[],"shouldDisplayMessage":false,"stepsCount":0,"attachmentsCount":0,"hasContent":false,"attachmentStep":false}],"testStage":{"description":"  As a user, I should be able to manage my works by creating a new board/list/card and modifying them under Deck Module.","status":"broken","statusMessage":"element click intercepted: Element <a data-v-6069ba79=\"\" data-v-9f64425c=\"\" href=\"#\" aria-expanded=\"false\" aria-controls=\"app-navigation-vue\" class=\"app-navigation-toggle\"></a> is not clickable at point (80, 72). Other element would receive the click: <h2 data-v-21ada253=\"\">...</h2>\n  (Session info: chrome=122.0.6261.128)\nBuild info: version: '4.18.1', revision: 'b1d3319b48'\nSystem info: os.name: 'Linux', os.arch: 'amd64', os.version: '6.5.0-1016-azure', java.version: '11.0.22'\nDriver info: org.openqa.selenium.chrome.ChromeDriver\nCommand: [8d4592cb99b6df389646f9d702c652d6, clickElement {id=f.3235F3949874AEA1F10BC59348B6329F.d.92F2532BEBBBD93E7EEE90EC8ADE0D6E.e.124}]\nCapabilities {acceptInsecureCerts: false, browserName: chrome, browserVersion: 122.0.6261.128, chrome: {chromedriverVersion: 122.0.6261.128 (f18a44fedeb..., userDataDir: /tmp/.org.chromium.Chromium...}, fedcm:accounts: true, goog:chromeOptions: {debuggerAddress: localhost:33593}, networkConnectionEnabled: false, pageLoadStrategy: normal, platformName: linux, proxy: Proxy(), se:cdp: ws://localhost:33593/devtoo..., se:cdpVersion: 122.0.6261.128, setWindowRect: true, strictFileInteractability: false, timeouts: {implicit: 0, pageLoad: 300000, script: 30000}, unhandledPromptBehavior: dismiss and notify, webauthn:extension:credBlob: true, webauthn:extension:largeBlob: true, webauthn:extension:minPinLength: true, webauthn:extension:prf: true, webauthn:virtualAuthenticators: true}\nElement: [[ChromeDriver: chrome on linux (8d4592cb99b6df389646f9d702c652d6)] -> css selector: a[class='app-navigation-toggle']]\nSession ID: 8d4592cb99b6df389646f9d702c652d6","statusTrace":"org.openqa.selenium.ElementClickInterceptedException: element click intercepted: Element <a data-v-6069ba79=\"\" data-v-9f64425c=\"\" href=\"#\" aria-expanded=\"false\" aria-controls=\"app-navigation-vue\" class=\"app-navigation-toggle\"></a> is not clickable at point (80, 72). Other element would receive the click: <h2 data-v-21ada253=\"\">...</h2>\n  (Session info: chrome=122.0.6261.128)\nBuild info: version: '4.18.1', revision: 'b1d3319b48'\nSystem info: os.name: 'Linux', os.arch: 'amd64', os.version: '6.5.0-1016-azure', java.version: '11.0.22'\nDriver info: org.openqa.selenium.chrome.ChromeDriver\nCommand: [8d4592cb99b6df389646f9d702c652d6, clickElement {id=f.3235F3949874AEA1F10BC59348B6329F.d.92F2532BEBBBD93E7EEE90EC8ADE0D6E.e.124}]\nCapabilities {acceptInsecureCerts: false, browserName: chrome, browserVersion: 122.0.6261.128, chrome: {chromedriverVersion: 122.0.6261.128 (f18a44fedeb..., userDataDir: /tmp/.org.chromium.Chromium...}, fedcm:accounts: true, goog:chromeOptions: {debuggerAddress: localhost:33593}, networkConnectionEnabled: false, pageLoadStrategy: normal, platformName: linux, proxy: Proxy(), se:cdp: ws://localhost:33593/devtoo..., se:cdpVersion: 122.0.6261.128, setWindowRect: true, strictFileInteractability: false, timeouts: {implicit: 0, pageLoad: 300000, script: 30000}, unhandledPromptBehavior: dismiss and notify, webauthn:extension:credBlob: true, webauthn:extension:largeBlob: true, webauthn:extension:minPinLength: true, webauthn:extension:prf: true, webauthn:virtualAuthenticators: true}\nElement: [[ChromeDriver: chrome on linux (8d4592cb99b6df389646f9d702c652d6)] -> css selector: a[class='app-navigation-toggle']]\nSession ID: 8d4592cb99b6df389646f9d702c652d6\n\tat java.base/jdk.internal.reflect.NativeConstructorAccessorImpl.newInstance0(Native Method)\n\tat java.base/jdk.internal.reflect.NativeConstructorAccessorImpl.newInstance(NativeConstructorAccessorImpl.java:62)\n\tat java.base/jdk.internal.reflect.DelegatingConstructorAccessorImpl.newInstance(DelegatingConstructorAccessorImpl.java:45)\n\tat java.base/java.lang.reflect.Constructor.newInstance(Constructor.java:490)\n\tat org.openqa.selenium.remote.ErrorCodec.decode(ErrorCodec.java:167)\n\tat org.openqa.selenium.remote.codec.w3c.W3CHttpResponseCodec.decode(W3CHttpResponseCodec.java:138)\n\tat org.openqa.selenium.remote.codec.w3c.W3CHttpResponseCodec.decode(W3CHttpResponseCodec.java:50)\n\tat org.openqa.selenium.remote.HttpCommandExecutor.execute(HttpCommandExecutor.java:190)\n\tat org.openqa.selenium.remote.service.DriverCommandExecutor.invokeExecute(DriverCommandExecutor.java:216)\n\tat org.openqa.selenium.remote.service.DriverCommandExecutor.execute(DriverCommandExecutor.java:174)\n\tat org.openqa.selenium.remote.RemoteWebDriver.execute(RemoteWebDriver.java:519)\n\tat org.openqa.selenium.remote.RemoteWebElement.execute(RemoteWebElement.java:223)\n\tat org.openqa.selenium.remote.RemoteWebElement.click(RemoteWebElement.java:76)\n\tat jdk.internal.reflect.GeneratedMethodAccessor86.invoke(Unknown Source)\n\tat java.base/jdk.internal.reflect.DelegatingMethodAccessorImpl.invoke(DelegatingMethodAccessorImpl.java:43)\n\tat java.base/java.lang.reflect.Method.invoke(Method.java:566)\n\tat org.openqa.selenium.support.pagefactory.internal.LocatingElementHandler.invoke(LocatingElementHandler.java:51)\n\tat com.sun.proxy.$Proxy22.click(Unknown Source)\n\tat com.symund.pages.DeckPage.clickAppNavigationToggle(DeckPage.java:218)\n\tat com.symund.step_definitions.DeckStepDefs.the_user_clicks_on_app_navigation_toggle(DeckStepDefs.java:21)\n\tat ✽.the user clicks on app navigation toggle(file:///home/runner/work/Symund-B32G26/Symund-B32G26/src/test/resources/features/Deck_Emir.feature:10)\n","steps":[{"name":"Given  the user logs in with username \"Employee80\" and password \"Employee123\"","time":{"start":1711235716305,"stop":1711235728681,"duration":12376},"status":"passed","steps":[],"attachments":[],"parameters":[],"shouldDisplayMessage":false,"stepsCount":0,"attachmentsCount":0,"hasContent":false,"attachmentStep":false},{"name":"And  the user navigates to the Deck page","time":{"start":1711235728681,"stop":1711235732738,"duration":4057},"status":"passed","steps":[],"attachments":[],"parameters":[],"shouldDisplayMessage":false,"stepsCount":0,"attachmentsCount":0,"hasContent":false,"attachmentStep":false},{"name":"And  the user clicks on app navigation toggle","time":{"start":1711235732738,"stop":1711235733831,"duration":1093},"status":"broken","statusMessage":"element click intercepted: Element <a data-v-6069ba79=\"\" data-v-9f64425c=\"\" href=\"#\" aria-expanded=\"false\" aria-controls=\"app-navigation-vue\" class=\"app-navigation-toggle\"></a> is not clickable at point (80, 72). Other element would receive the click: <h2 data-v-21ada253=\"\">...</h2>\n  (Session info: chrome=122.0.6261.128)\nBuild info: version: '4.18.1', revision: 'b1d3319b48'\nSystem info: os.name: 'Linux', os.arch: 'amd64', os.version: '6.5.0-1016-azure', java.version: '11.0.22'\nDriver info: org.openqa.selenium.chrome.ChromeDriver\nCommand: [8d4592cb99b6df389646f9d702c652d6, clickElement {id=f.3235F3949874AEA1F10BC59348B6329F.d.92F2532BEBBBD93E7EEE90EC8ADE0D6E.e.124}]\nCapabilities {acceptInsecureCerts: false, browserName: chrome, browserVersion: 122.0.6261.128, chrome: {chromedriverVersion: 122.0.6261.128 (f18a44fedeb..., userDataDir: /tmp/.org.chromium.Chromium...}, fedcm:accounts: true, goog:chromeOptions: {debuggerAddress: localhost:33593}, networkConnectionEnabled: false, pageLoadStrategy: normal, platformName: linux, proxy: Proxy(), se:cdp: ws://localhost:33593/devtoo..., se:cdpVersion: 122.0.6261.128, setWindowRect: true, strictFileInteractability: false, timeouts: {implicit: 0, pageLoad: 300000, script: 30000}, unhandledPromptBehavior: dismiss and notify, webauthn:extension:credBlob: true, webauthn:extension:largeBlob: true, webauthn:extension:minPinLength: true, webauthn:extension:prf: true, webauthn:virtualAuthenticators: true}\nElement: [[ChromeDriver: chrome on linux (8d4592cb99b6df389646f9d702c652d6)] -> css selector: a[class='app-navigation-toggle']]\nSession ID: 8d4592cb99b6df389646f9d702c652d6","statusTrace":"org.openqa.selenium.ElementClickInterceptedException: element click intercepted: Element <a data-v-6069ba79=\"\" data-v-9f64425c=\"\" href=\"#\" aria-expanded=\"false\" aria-controls=\"app-navigation-vue\" class=\"app-navigation-toggle\"></a> is not clickable at point (80, 72). Other element would receive the click: <h2 data-v-21ada253=\"\">...</h2>\n  (Session info: chrome=122.0.6261.128)\nBuild info: version: '4.18.1', revision: 'b1d3319b48'\nSystem info: os.name: 'Linux', os.arch: 'amd64', os.version: '6.5.0-1016-azure', java.version: '11.0.22'\nDriver info: org.openqa.selenium.chrome.ChromeDriver\nCommand: [8d4592cb99b6df389646f9d702c652d6, clickElement {id=f.3235F3949874AEA1F10BC59348B6329F.d.92F2532BEBBBD93E7EEE90EC8ADE0D6E.e.124}]\nCapabilities {acceptInsecureCerts: false, browserName: chrome, browserVersion: 122.0.6261.128, chrome: {chromedriverVersion: 122.0.6261.128 (f18a44fedeb..., userDataDir: /tmp/.org.chromium.Chromium...}, fedcm:accounts: true, goog:chromeOptions: {debuggerAddress: localhost:33593}, networkConnectionEnabled: false, pageLoadStrategy: normal, platformName: linux, proxy: Proxy(), se:cdp: ws://localhost:33593/devtoo..., se:cdpVersion: 122.0.6261.128, setWindowRect: true, strictFileInteractability: false, timeouts: {implicit: 0, pageLoad: 300000, script: 30000}, unhandledPromptBehavior: dismiss and notify, webauthn:extension:credBlob: true, webauthn:extension:largeBlob: true, webauthn:extension:minPinLength: true, webauthn:extension:prf: true, webauthn:virtualAuthenticators: true}\nElement: [[ChromeDriver: chrome on linux (8d4592cb99b6df389646f9d702c652d6)] -> css selector: a[class='app-navigation-toggle']]\nSession ID: 8d4592cb99b6df389646f9d702c652d6\n\tat java.base/jdk.internal.reflect.NativeConstructorAccessorImpl.newInstance0(Native Method)\n\tat java.base/jdk.internal.reflect.NativeConstructorAccessorImpl.newInstance(NativeConstructorAccessorImpl.java:62)\n\tat java.base/jdk.internal.reflect.DelegatingConstructorAccessorImpl.newInstance(DelegatingConstructorAccessorImpl.java:45)\n\tat java.base/java.lang.reflect.Constructor.newInstance(Constructor.java:490)\n\tat org.openqa.selenium.remote.ErrorCodec.decode(ErrorCodec.java:167)\n\tat org.openqa.selenium.remote.codec.w3c.W3CHttpResponseCodec.decode(W3CHttpResponseCodec.java:138)\n\tat org.openqa.selenium.remote.codec.w3c.W3CHttpResponseCodec.decode(W3CHttpResponseCodec.java:50)\n\tat org.openqa.selenium.remote.HttpCommandExecutor.execute(HttpCommandExecutor.java:190)\n\tat org.openqa.selenium.remote.service.DriverCommandExecutor.invokeExecute(DriverCommandExecutor.java:216)\n\tat org.openqa.selenium.remote.service.DriverCommandExecutor.execute(DriverCommandExecutor.java:174)\n\tat org.openqa.selenium.remote.RemoteWebDriver.execute(RemoteWebDriver.java:519)\n\tat org.openqa.selenium.remote.RemoteWebElement.execute(RemoteWebElement.java:223)\n\tat org.openqa.selenium.remote.RemoteWebElement.click(RemoteWebElement.java:76)\n\tat jdk.internal.reflect.GeneratedMethodAccessor86.invoke(Unknown Source)\n\tat java.base/jdk.internal.reflect.DelegatingMethodAccessorImpl.invoke(DelegatingMethodAccessorImpl.java:43)\n\tat java.base/java.lang.reflect.Method.invoke(Method.java:566)\n\tat org.openqa.selenium.support.pagefactory.internal.LocatingElementHandler.invoke(LocatingElementHandler.java:51)\n\tat com.sun.proxy.$Proxy22.click(Unknown Source)\n\tat com.symund.pages.DeckPage.clickAppNavigationToggle(DeckPage.java:218)\n\tat com.symund.step_definitions.DeckStepDefs.the_user_clicks_on_app_navigation_toggle(DeckStepDefs.java:21)\n\tat ✽.the user clicks on app navigation toggle(file:///home/runner/work/Symund-B32G26/Symund-B32G26/src/test/resources/features/Deck_Emir.feature:10)\n","steps":[],"attachments":[],"parameters":[],"shouldDisplayMessage":true,"stepsCount":0,"attachmentsCount":0,"hasContent":true,"attachmentStep":false},{"name":"When  the user clicks on any board with name \"Operational Excellence\"","time":{"start":1711235733833,"stop":1711235733833,"duration":0},"status":"skipped","steps":[],"attachments":[],"parameters":[],"shouldDisplayMessage":false,"stepsCount":0,"attachmentsCount":0,"hasContent":false,"attachmentStep":false},{"name":"And  the user adds a new card \"Lean Six Sigma\" to list \"Process Improvements\"","time":{"start":1711235733833,"stop":1711235733833,"duration":0},"status":"skipped","steps":[],"attachments":[],"parameters":[],"shouldDisplayMessage":false,"stepsCount":0,"attachmentsCount":0,"hasContent":false,"attachmentStep":false},{"name":"Then  the new card \"Lean Six Sigma\" should be visible in list \"Process Improvements\"","time":{"start":1711235733833,"stop":1711235733833,"duration":0},"status":"skipped","steps":[],"attachments":[],"parameters":[],"shouldDisplayMessage":false,"stepsCount":0,"attachmentsCount":0,"hasContent":false,"attachmentStep":false}],"attachments":[],"parameters":[],"shouldDisplayMessage":false,"stepsCount":6,"attachmentsCount":0,"hasContent":true,"attachmentStep":false},"afterStages":[{"name":"com.symund.step_definitions.Hooks.tearDown(io.cucumber.java.Scenario)","time":{"start":1711235733834,"stop":1711235734023,"duration":189},"status":"passed","steps":[],"attachments":[{"uid":"9ad7450212f85623","name":"User can add a new card on any list on the current board","source":"9ad7450212f85623.png","type":"image/png","size":26372}],"parameters":[],"shouldDisplayMessage":false,"stepsCount":0,"attachmentsCount":1,"hasContent":true,"attachmentStep":false}],"labels":[{"name":"tag","value":"B32G26-149"},{"name":"tag","value":"B32G26-147"},{"name":"host","value":"fv-az573-900"},{"name":"thread","value":"2393@fv-az573-900.main(1)"},{"name":"feature","value":"Deck Management"},{"name":"story","value":"User can add a new card on any list on the current board"},{"name":"suite","value":"Deck Management"},{"name":"testClass","value":"User can add a new card on any list on the current board"},{"name":"framework","value":"cucumber4jvm"},{"name":"language","value":"java"},{"name":"gherkin_uri","value":"file:///home/runner/work/Symund-B32G26/Symund-B32G26/src/test/resources/features/Deck_Emir.feature"},{"name":"package","value":"src.test.resources.features.Deck_Emir_feature.Deck Management"},{"name":"resultFormat","value":"allure2"}],"parameters":[{"name":"boardName","value":"Operational Excellence"},{"name":"cardName","value":"Lean Six Sigma"},{"name":"listName","value":"Process Improvements"}],"links":[],"hidden":false,"retry":false,"extra":{"severity":"normal","retries":[],"categories":[{"name":"Test defects","matchedStatuses":[],"flaky":false}],"history":{"statistic":{"failed":0,"broken":3,"skipped":2,"passed":11,"unknown":0,"total":16},"items":[{"uid":"96a1d12a935c03b7","reportUrl":"https://emiryazicii.github.io/Symund-B32G26/26//#testresult/96a1d12a935c03b7","status":"passed","time":{"start":1711234736486,"stop":1711234750649,"duration":14163}},{"uid":"1b89ff658e5fa03b","reportUrl":"https://emiryazicii.github.io/Symund-B32G26/25//#testresult/1b89ff658e5fa03b","status":"passed","time":{"start":1711233596291,"stop":1711233610487,"duration":14196}},{"uid":"46f4529afe62d262","reportUrl":"https://emiryazicii.github.io/Symund-B32G26/24//#testresult/46f4529afe62d262","status":"passed","time":{"start":1711233060276,"stop":1711233078653,"duration":18377}},{"uid":"3eeb16e6a4620130","reportUrl":"https://emiryazicii.github.io/Symund-B32G26/23//#testresult/3eeb16e6a4620130","status":"passed","time":{"start":1711172055416,"stop":1711172069855,"duration":14439}},{"uid":"4ea8d52f57f05d2c","reportUrl":"https://emiryazicii.github.io/Symund-B32G26/23//#testresult/4ea8d52f57f05d2c","status":"passed","time":{"start":1711143820120,"stop":1711143834654,"duration":14534}},{"uid":"2e41abd4ad0c3833","reportUrl":"https://emiryazicii.github.io/Symund-B32G26/23//#testresult/2e41abd4ad0c3833","status":"passed","time":{"start":1711142704308,"stop":1711142717697,"duration":13389}},{"uid":"93f74141a021d8f0","reportUrl":"https://emiryazicii.github.io/Symund-B32G26/22//#testresult/93f74141a021d8f0","status":"passed","time":{"start":1711141837760,"stop":1711141851798,"duration":14038}},{"uid":"9f8fc8585310243f","reportUrl":"https://emiryazicii.github.io/Symund-B32G26/21//#testresult/9f8fc8585310243f","status":"skipped","statusDetails":"Could not start a new session. Response code 500. Message: session not created: Chrome failed to start: exited normally.\n  (session not created: DevToolsActivePort file doesn't exist)\n  (The process started from chrome location /usr/bin/google-chrome is no longer running, so ChromeDriver is assuming that Chrome has crashed.) \nHost info: host: 'fv-az1535-961', ip: '10.1.0.119'\nBuild info: version: '4.18.1', revision: 'b1d3319b48'\nSystem info: os.name: 'Linux', os.arch: 'amd64', os.version: '6.5.0-1016-azure', java.version: '11.0.22'\nDriver info: org.openqa.selenium.chrome.ChromeDriver\nCommand: [null, newSession {capabilities=[Capabilities {browserName: chrome, goog:chromeOptions: {args: [], binary: /usr/bin/google-chrome, extensions: []}}]}]","time":{"start":1711140980099,"stop":1711140980487,"duration":388}},{"uid":"ece586588d65ce0b","reportUrl":"https://emiryazicii.github.io/Symund-B32G26/20//#testresult/ece586588d65ce0b","status":"passed","time":{"start":1711038391047,"stop":1711038408168,"duration":17121}},{"uid":"b35a9685afa6479b","reportUrl":"https://emiryazicii.github.io/Symund-B32G26/20//#testresult/b35a9685afa6479b","status":"broken","statusDetails":"no such element: Unable to locate element: {\"method\":\"xpath\",\"selector\":\"//span[@title='Operational Excellence']/..\"}\n  (Session info: chrome=122.0.6261.128)\nFor documentation on this error, please visit: https://www.selenium.dev/documentation/webdriver/troubleshooting/errors#no-such-element-exception\nBuild info: version: '4.18.1', revision: 'b1d3319b48'\nSystem info: os.name: 'Linux', os.arch: 'amd64', os.version: '6.5.0-1016-azure', java.version: '11.0.22'\nDriver info: org.openqa.selenium.chrome.ChromeDriver\nCommand: [92fb80e7e7e380c567b1225abfe2454e, findElement {value=//span[@title='Operational Excellence']/.., using=xpath}]\nCapabilities {acceptInsecureCerts: false, browserName: chrome, browserVersion: 122.0.6261.128, chrome: {chromedriverVersion: 122.0.6261.128 (f18a44fedeb..., userDataDir: /tmp/.org.chromium.Chromium...}, fedcm:accounts: true, goog:chromeOptions: {debuggerAddress: localhost:36369}, networkConnectionEnabled: false, pageLoadStrategy: normal, platformName: linux, proxy: Proxy(), se:cdp: ws://localhost:36369/devtoo..., se:cdpVersion: 122.0.6261.128, setWindowRect: true, strictFileInteractability: false, timeouts: {implicit: 0, pageLoad: 300000, script: 30000}, unhandledPromptBehavior: dismiss and notify, webauthn:extension:credBlob: true, webauthn:extension:largeBlob: true, webauthn:extension:minPinLength: true, webauthn:extension:prf: true, webauthn:virtualAuthenticators: true}\nSession ID: 92fb80e7e7e380c567b1225abfe2454e","time":{"start":1711036378712,"stop":1711036401748,"duration":23036}},{"uid":"fcb4be6b72a1ba9e","reportUrl":"https://emiryazicii.github.io/Symund-B32G26/19//#testresult/fcb4be6b72a1ba9e","status":"passed","time":{"start":1711007014842,"stop":1711007027624,"duration":12782}},{"uid":"cb1d02a0b4e425ba","reportUrl":"https://emiryazicii.github.io/Symund-B32G26/18//#testresult/cb1d02a0b4e425ba","status":"broken","statusDetails":"no such element: Unable to locate element: {\"method\":\"xpath\",\"selector\":\"//span[@title='Operational Excellence']/..\"}\n  (Session info: chrome=122.0.6261.128)\nFor documentation on this error, please visit: https://www.selenium.dev/documentation/webdriver/troubleshooting/errors#no-such-element-exception\nBuild info: version: '4.18.1', revision: 'b1d3319b48'\nSystem info: os.name: 'Linux', os.arch: 'amd64', os.version: '6.5.0-1016-azure', java.version: '11.0.22'\nDriver info: org.openqa.selenium.chrome.ChromeDriver\nCommand: [f1599b4cd9c6e8a44fd091f1663120a2, findElement {using=xpath, value=//span[@title='Operational Excellence']/..}]\nCapabilities {acceptInsecureCerts: false, browserName: chrome, browserVersion: 122.0.6261.128, chrome: {chromedriverVersion: 122.0.6261.128 (f18a44fedeb..., userDataDir: /tmp/.org.chromium.Chromium...}, fedcm:accounts: true, goog:chromeOptions: {debuggerAddress: localhost:36705}, networkConnectionEnabled: false, pageLoadStrategy: normal, platformName: linux, proxy: Proxy(), se:cdp: ws://localhost:36705/devtoo..., se:cdpVersion: 122.0.6261.128, setWindowRect: true, strictFileInteractability: false, timeouts: {implicit: 0, pageLoad: 300000, script: 30000}, unhandledPromptBehavior: dismiss and notify, webauthn:extension:credBlob: true, webauthn:extension:largeBlob: true, webauthn:extension:minPinLength: true, webauthn:extension:prf: true, webauthn:virtualAuthenticators: true}\nSession ID: f1599b4cd9c6e8a44fd091f1663120a2","time":{"start":1711005347251,"stop":1711005369212,"duration":21961}},{"uid":"b8db64da6a24c5c2","reportUrl":"https://emiryazicii.github.io/Symund-B32G26/16//#testresult/b8db64da6a24c5c2","status":"passed","time":{"start":1711003960192,"stop":1711003972879,"duration":12687}},{"uid":"1b21093699df0c1c","reportUrl":"https://emiryazicii.github.io/Symund-B32G26/16//#testresult/1b21093699df0c1c","status":"passed","time":{"start":1711003042266,"stop":1711003055081,"duration":12815}},{"uid":"de5c895e5615daf","reportUrl":"https://emiryazicii.github.io/Symund-B32G26/15//#testresult/de5c895e5615daf","status":"skipped","statusDetails":"Could not start a new session. Response code 500. Message: session not created: Chrome failed to start: exited normally.\n  (session not created: DevToolsActivePort file doesn't exist)\n  (The process started from chrome location /usr/bin/google-chrome is no longer running, so ChromeDriver is assuming that Chrome has crashed.) \nHost info: host: 'fv-az1106-902', ip: '10.1.0.28'\nBuild info: version: '4.18.1', revision: 'b1d3319b48'\nSystem info: os.name: 'Linux', os.arch: 'amd64', os.version: '6.5.0-1016-azure', java.version: '11.0.22'\nDriver info: org.openqa.selenium.chrome.ChromeDriver\nCommand: [null, newSession {capabilities=[Capabilities {browserName: chrome, goog:chromeOptions: {args: [], binary: /usr/bin/google-chrome, extensions: []}}]}]","time":{"start":1711002058715,"stop":1711002059098,"duration":383}}]},"tags":["B32G26-149","B32G26-147"]},"source":"8d16a2aef7ef917e.json","parameterValues":["Operational Excellence","Lean Six Sigma","Process Improvements"]}