{"uid":"be4abce0cbec05a8","name":"User can assign a card to themselves","fullName":"src/test/resources/features/Deck_Emir.feature:63","historyId":"a871f9e08265641c3d32dcc92152ca4a","time":{"start":1711237173228,"stop":1711237198407,"duration":25179},"description":"  As a user, I should be able to manage my works by creating a new board/list/card and modifying them under Deck Module.","descriptionHtml":"<p>As a user, I should be able to manage my works by creating a new board/list/card and modifying them under Deck Module.</p>\n","status":"broken","statusMessage":"no such element: Unable to locate element: {\"method\":\"xpath\",\"selector\":\"//span[contains(text(),'Assign to me')]\"}\n  (Session info: chrome=122.0.6261.128)\nFor documentation on this error, please visit: https://www.selenium.dev/documentation/webdriver/troubleshooting/errors#no-such-element-exception\nBuild info: version: '4.18.1', revision: 'b1d3319b48'\nSystem info: os.name: 'Linux', os.arch: 'amd64', os.version: '6.5.0-1016-azure', java.version: '11.0.22'\nDriver info: org.openqa.selenium.chrome.ChromeDriver\nCommand: [d1f4e579691984df5775c670e696b80e, findElement {value=//span[contains(text(),'Assign to me')], using=xpath}]\nCapabilities {acceptInsecureCerts: false, browserName: chrome, browserVersion: 122.0.6261.128, chrome: {chromedriverVersion: 122.0.6261.128 (f18a44fedeb..., userDataDir: /tmp/.org.chromium.Chromium...}, fedcm:accounts: true, goog:chromeOptions: {debuggerAddress: localhost:38363}, networkConnectionEnabled: false, pageLoadStrategy: normal, platformName: linux, proxy: Proxy(), se:cdp: ws://localhost:38363/devtoo..., se:cdpVersion: 122.0.6261.128, setWindowRect: true, strictFileInteractability: false, timeouts: {implicit: 0, pageLoad: 300000, script: 30000}, unhandledPromptBehavior: dismiss and notify, webauthn:extension:credBlob: true, webauthn:extension:largeBlob: true, webauthn:extension:minPinLength: true, webauthn:extension:prf: true, webauthn:virtualAuthenticators: true}\nSession ID: d1f4e579691984df5775c670e696b80e","statusTrace":"org.openqa.selenium.NoSuchElementException: no such element: Unable to locate element: {\"method\":\"xpath\",\"selector\":\"//span[contains(text(),'Assign to me')]\"}\n  (Session info: chrome=122.0.6261.128)\nFor documentation on this error, please visit: https://www.selenium.dev/documentation/webdriver/troubleshooting/errors#no-such-element-exception\nBuild info: version: '4.18.1', revision: 'b1d3319b48'\nSystem info: os.name: 'Linux', os.arch: 'amd64', os.version: '6.5.0-1016-azure', java.version: '11.0.22'\nDriver info: org.openqa.selenium.chrome.ChromeDriver\nCommand: [d1f4e579691984df5775c670e696b80e, findElement {value=//span[contains(text(),'Assign to me')], using=xpath}]\nCapabilities {acceptInsecureCerts: false, browserName: chrome, browserVersion: 122.0.6261.128, chrome: {chromedriverVersion: 122.0.6261.128 (f18a44fedeb..., userDataDir: /tmp/.org.chromium.Chromium...}, fedcm:accounts: true, goog:chromeOptions: {debuggerAddress: localhost:38363}, networkConnectionEnabled: false, pageLoadStrategy: normal, platformName: linux, proxy: Proxy(), se:cdp: ws://localhost:38363/devtoo..., se:cdpVersion: 122.0.6261.128, setWindowRect: true, strictFileInteractability: false, timeouts: {implicit: 0, pageLoad: 300000, script: 30000}, unhandledPromptBehavior: dismiss and notify, webauthn:extension:credBlob: true, webauthn:extension:largeBlob: true, webauthn:extension:minPinLength: true, webauthn:extension:prf: true, webauthn:virtualAuthenticators: true}\nSession ID: d1f4e579691984df5775c670e696b80e\n\tat java.base/jdk.internal.reflect.NativeConstructorAccessorImpl.newInstance0(Native Method)\n\tat java.base/jdk.internal.reflect.NativeConstructorAccessorImpl.newInstance(NativeConstructorAccessorImpl.java:62)\n\tat java.base/jdk.internal.reflect.DelegatingConstructorAccessorImpl.newInstance(DelegatingConstructorAccessorImpl.java:45)\n\tat java.base/java.lang.reflect.Constructor.newInstance(Constructor.java:490)\n\tat org.openqa.selenium.remote.ErrorCodec.decode(ErrorCodec.java:167)\n\tat org.openqa.selenium.remote.codec.w3c.W3CHttpResponseCodec.decode(W3CHttpResponseCodec.java:138)\n\tat org.openqa.selenium.remote.codec.w3c.W3CHttpResponseCodec.decode(W3CHttpResponseCodec.java:50)\n\tat org.openqa.selenium.remote.HttpCommandExecutor.execute(HttpCommandExecutor.java:190)\n\tat org.openqa.selenium.remote.service.DriverCommandExecutor.invokeExecute(DriverCommandExecutor.java:216)\n\tat org.openqa.selenium.remote.service.DriverCommandExecutor.execute(DriverCommandExecutor.java:174)\n\tat org.openqa.selenium.remote.RemoteWebDriver.execute(RemoteWebDriver.java:519)\n\tat org.openqa.selenium.remote.ElementLocation$ElementFinder$2.findElement(ElementLocation.java:165)\n\tat org.openqa.selenium.remote.ElementLocation.findElement(ElementLocation.java:59)\n\tat org.openqa.selenium.remote.RemoteWebDriver.findElement(RemoteWebDriver.java:356)\n\tat org.openqa.selenium.remote.RemoteWebDriver.findElement(RemoteWebDriver.java:350)\n\tat com.symund.pages.DeckPage.clickButtonFromCardMenu(DeckPage.java:73)\n\tat com.symund.step_definitions.DeckStepDefs.the_user_clicks_button_to_assigns_the_card_to_themselves_on_list(DeckStepDefs.java:62)\n\tat ✽.the user clicks \"Assign to me\" button to assigns the card \"Expense Tracking\" to themselves on list \"Budget Breakdown\"(file:///home/runner/work/Symund-B32G26/Symund-B32G26/src/test/resources/features/Deck_Emir.feature:55)\n","flaky":false,"newFailed":false,"newBroken":false,"newPassed":false,"retriesCount":0,"retriesStatusChange":false,"beforeStages":[{"name":"com.symund.step_definitions.Hooks.setupMethod()","time":{"start":1711237173228,"stop":1711237175034,"duration":1806},"status":"passed","steps":[],"attachments":[],"parameters":[],"shouldDisplayMessage":false,"stepsCount":0,"attachmentsCount":0,"hasContent":false,"attachmentStep":false}],"testStage":{"description":"  As a user, I should be able to manage my works by creating a new board/list/card and modifying them under Deck Module.","status":"broken","statusMessage":"no such element: Unable to locate element: {\"method\":\"xpath\",\"selector\":\"//span[contains(text(),'Assign to me')]\"}\n  (Session info: chrome=122.0.6261.128)\nFor documentation on this error, please visit: https://www.selenium.dev/documentation/webdriver/troubleshooting/errors#no-such-element-exception\nBuild info: version: '4.18.1', revision: 'b1d3319b48'\nSystem info: os.name: 'Linux', os.arch: 'amd64', os.version: '6.5.0-1016-azure', java.version: '11.0.22'\nDriver info: org.openqa.selenium.chrome.ChromeDriver\nCommand: [d1f4e579691984df5775c670e696b80e, findElement {value=//span[contains(text(),'Assign to me')], using=xpath}]\nCapabilities {acceptInsecureCerts: false, browserName: chrome, browserVersion: 122.0.6261.128, chrome: {chromedriverVersion: 122.0.6261.128 (f18a44fedeb..., userDataDir: /tmp/.org.chromium.Chromium...}, fedcm:accounts: true, goog:chromeOptions: {debuggerAddress: localhost:38363}, networkConnectionEnabled: false, pageLoadStrategy: normal, platformName: linux, proxy: Proxy(), se:cdp: ws://localhost:38363/devtoo..., se:cdpVersion: 122.0.6261.128, setWindowRect: true, strictFileInteractability: false, timeouts: {implicit: 0, pageLoad: 300000, script: 30000}, unhandledPromptBehavior: dismiss and notify, webauthn:extension:credBlob: true, webauthn:extension:largeBlob: true, webauthn:extension:minPinLength: true, webauthn:extension:prf: true, webauthn:virtualAuthenticators: true}\nSession ID: d1f4e579691984df5775c670e696b80e","statusTrace":"org.openqa.selenium.NoSuchElementException: no such element: Unable to locate element: {\"method\":\"xpath\",\"selector\":\"//span[contains(text(),'Assign to me')]\"}\n  (Session info: chrome=122.0.6261.128)\nFor documentation on this error, please visit: https://www.selenium.dev/documentation/webdriver/troubleshooting/errors#no-such-element-exception\nBuild info: version: '4.18.1', revision: 'b1d3319b48'\nSystem info: os.name: 'Linux', os.arch: 'amd64', os.version: '6.5.0-1016-azure', java.version: '11.0.22'\nDriver info: org.openqa.selenium.chrome.ChromeDriver\nCommand: [d1f4e579691984df5775c670e696b80e, findElement {value=//span[contains(text(),'Assign to me')], using=xpath}]\nCapabilities {acceptInsecureCerts: false, browserName: chrome, browserVersion: 122.0.6261.128, chrome: {chromedriverVersion: 122.0.6261.128 (f18a44fedeb..., userDataDir: /tmp/.org.chromium.Chromium...}, fedcm:accounts: true, goog:chromeOptions: {debuggerAddress: localhost:38363}, networkConnectionEnabled: false, pageLoadStrategy: normal, platformName: linux, proxy: Proxy(), se:cdp: ws://localhost:38363/devtoo..., se:cdpVersion: 122.0.6261.128, setWindowRect: true, strictFileInteractability: false, timeouts: {implicit: 0, pageLoad: 300000, script: 30000}, unhandledPromptBehavior: dismiss and notify, webauthn:extension:credBlob: true, webauthn:extension:largeBlob: true, webauthn:extension:minPinLength: true, webauthn:extension:prf: true, webauthn:virtualAuthenticators: true}\nSession ID: d1f4e579691984df5775c670e696b80e\n\tat java.base/jdk.internal.reflect.NativeConstructorAccessorImpl.newInstance0(Native Method)\n\tat java.base/jdk.internal.reflect.NativeConstructorAccessorImpl.newInstance(NativeConstructorAccessorImpl.java:62)\n\tat java.base/jdk.internal.reflect.DelegatingConstructorAccessorImpl.newInstance(DelegatingConstructorAccessorImpl.java:45)\n\tat java.base/java.lang.reflect.Constructor.newInstance(Constructor.java:490)\n\tat org.openqa.selenium.remote.ErrorCodec.decode(ErrorCodec.java:167)\n\tat org.openqa.selenium.remote.codec.w3c.W3CHttpResponseCodec.decode(W3CHttpResponseCodec.java:138)\n\tat org.openqa.selenium.remote.codec.w3c.W3CHttpResponseCodec.decode(W3CHttpResponseCodec.java:50)\n\tat org.openqa.selenium.remote.HttpCommandExecutor.execute(HttpCommandExecutor.java:190)\n\tat org.openqa.selenium.remote.service.DriverCommandExecutor.invokeExecute(DriverCommandExecutor.java:216)\n\tat org.openqa.selenium.remote.service.DriverCommandExecutor.execute(DriverCommandExecutor.java:174)\n\tat org.openqa.selenium.remote.RemoteWebDriver.execute(RemoteWebDriver.java:519)\n\tat org.openqa.selenium.remote.ElementLocation$ElementFinder$2.findElement(ElementLocation.java:165)\n\tat org.openqa.selenium.remote.ElementLocation.findElement(ElementLocation.java:59)\n\tat org.openqa.selenium.remote.RemoteWebDriver.findElement(RemoteWebDriver.java:356)\n\tat org.openqa.selenium.remote.RemoteWebDriver.findElement(RemoteWebDriver.java:350)\n\tat com.symund.pages.DeckPage.clickButtonFromCardMenu(DeckPage.java:73)\n\tat com.symund.step_definitions.DeckStepDefs.the_user_clicks_button_to_assigns_the_card_to_themselves_on_list(DeckStepDefs.java:62)\n\tat ✽.the user clicks \"Assign to me\" button to assigns the card \"Expense Tracking\" to themselves on list \"Budget Breakdown\"(file:///home/runner/work/Symund-B32G26/Symund-B32G26/src/test/resources/features/Deck_Emir.feature:55)\n","steps":[{"name":"Given  the user logs in with username \"Employee80\" and password \"Employee123\"","time":{"start":1711237175034,"stop":1711237183750,"duration":8716},"status":"passed","steps":[],"attachments":[],"parameters":[],"shouldDisplayMessage":false,"stepsCount":0,"attachmentsCount":0,"hasContent":false,"attachmentStep":false},{"name":"And  the user navigates to the Deck page","time":{"start":1711237183750,"stop":1711237187099,"duration":3349},"status":"passed","steps":[],"attachments":[],"parameters":[],"shouldDisplayMessage":false,"stepsCount":0,"attachmentsCount":0,"hasContent":false,"attachmentStep":false},{"name":"And  the user clicks on app navigation toggle","time":{"start":1711237187099,"stop":1711237187156,"duration":57},"status":"passed","steps":[],"attachments":[],"parameters":[],"shouldDisplayMessage":false,"stepsCount":0,"attachmentsCount":0,"hasContent":false,"attachmentStep":false},{"name":"When  the user clicks on any board with name \"Financial Planning\"","time":{"start":1711237187156,"stop":1711237187223,"duration":67},"status":"passed","steps":[],"attachments":[],"parameters":[],"shouldDisplayMessage":false,"stepsCount":0,"attachmentsCount":0,"hasContent":false,"attachmentStep":false},{"name":"And  the user clicks \"Assign to me\" button to assigns the card \"Expense Tracking\" to themselves on list \"Budget Breakdown\"","time":{"start":1711237187223,"stop":1711237198218,"duration":10995},"status":"broken","statusMessage":"no such element: Unable to locate element: {\"method\":\"xpath\",\"selector\":\"//span[contains(text(),'Assign to me')]\"}\n  (Session info: chrome=122.0.6261.128)\nFor documentation on this error, please visit: https://www.selenium.dev/documentation/webdriver/troubleshooting/errors#no-such-element-exception\nBuild info: version: '4.18.1', revision: 'b1d3319b48'\nSystem info: os.name: 'Linux', os.arch: 'amd64', os.version: '6.5.0-1016-azure', java.version: '11.0.22'\nDriver info: org.openqa.selenium.chrome.ChromeDriver\nCommand: [d1f4e579691984df5775c670e696b80e, findElement {value=//span[contains(text(),'Assign to me')], using=xpath}]\nCapabilities {acceptInsecureCerts: false, browserName: chrome, browserVersion: 122.0.6261.128, chrome: {chromedriverVersion: 122.0.6261.128 (f18a44fedeb..., userDataDir: /tmp/.org.chromium.Chromium...}, fedcm:accounts: true, goog:chromeOptions: {debuggerAddress: localhost:38363}, networkConnectionEnabled: false, pageLoadStrategy: normal, platformName: linux, proxy: Proxy(), se:cdp: ws://localhost:38363/devtoo..., se:cdpVersion: 122.0.6261.128, setWindowRect: true, strictFileInteractability: false, timeouts: {implicit: 0, pageLoad: 300000, script: 30000}, unhandledPromptBehavior: dismiss and notify, webauthn:extension:credBlob: true, webauthn:extension:largeBlob: true, webauthn:extension:minPinLength: true, webauthn:extension:prf: true, webauthn:virtualAuthenticators: true}\nSession ID: d1f4e579691984df5775c670e696b80e","statusTrace":"org.openqa.selenium.NoSuchElementException: no such element: Unable to locate element: {\"method\":\"xpath\",\"selector\":\"//span[contains(text(),'Assign to me')]\"}\n  (Session info: chrome=122.0.6261.128)\nFor documentation on this error, please visit: https://www.selenium.dev/documentation/webdriver/troubleshooting/errors#no-such-element-exception\nBuild info: version: '4.18.1', revision: 'b1d3319b48'\nSystem info: os.name: 'Linux', os.arch: 'amd64', os.version: '6.5.0-1016-azure', java.version: '11.0.22'\nDriver info: org.openqa.selenium.chrome.ChromeDriver\nCommand: [d1f4e579691984df5775c670e696b80e, findElement {value=//span[contains(text(),'Assign to me')], using=xpath}]\nCapabilities {acceptInsecureCerts: false, browserName: chrome, browserVersion: 122.0.6261.128, chrome: {chromedriverVersion: 122.0.6261.128 (f18a44fedeb..., userDataDir: /tmp/.org.chromium.Chromium...}, fedcm:accounts: true, goog:chromeOptions: {debuggerAddress: localhost:38363}, networkConnectionEnabled: false, pageLoadStrategy: normal, platformName: linux, proxy: Proxy(), se:cdp: ws://localhost:38363/devtoo..., se:cdpVersion: 122.0.6261.128, setWindowRect: true, strictFileInteractability: false, timeouts: {implicit: 0, pageLoad: 300000, script: 30000}, unhandledPromptBehavior: dismiss and notify, webauthn:extension:credBlob: true, webauthn:extension:largeBlob: true, webauthn:extension:minPinLength: true, webauthn:extension:prf: true, webauthn:virtualAuthenticators: true}\nSession ID: d1f4e579691984df5775c670e696b80e\n\tat java.base/jdk.internal.reflect.NativeConstructorAccessorImpl.newInstance0(Native Method)\n\tat java.base/jdk.internal.reflect.NativeConstructorAccessorImpl.newInstance(NativeConstructorAccessorImpl.java:62)\n\tat java.base/jdk.internal.reflect.DelegatingConstructorAccessorImpl.newInstance(DelegatingConstructorAccessorImpl.java:45)\n\tat java.base/java.lang.reflect.Constructor.newInstance(Constructor.java:490)\n\tat org.openqa.selenium.remote.ErrorCodec.decode(ErrorCodec.java:167)\n\tat org.openqa.selenium.remote.codec.w3c.W3CHttpResponseCodec.decode(W3CHttpResponseCodec.java:138)\n\tat org.openqa.selenium.remote.codec.w3c.W3CHttpResponseCodec.decode(W3CHttpResponseCodec.java:50)\n\tat org.openqa.selenium.remote.HttpCommandExecutor.execute(HttpCommandExecutor.java:190)\n\tat org.openqa.selenium.remote.service.DriverCommandExecutor.invokeExecute(DriverCommandExecutor.java:216)\n\tat org.openqa.selenium.remote.service.DriverCommandExecutor.execute(DriverCommandExecutor.java:174)\n\tat org.openqa.selenium.remote.RemoteWebDriver.execute(RemoteWebDriver.java:519)\n\tat org.openqa.selenium.remote.ElementLocation$ElementFinder$2.findElement(ElementLocation.java:165)\n\tat org.openqa.selenium.remote.ElementLocation.findElement(ElementLocation.java:59)\n\tat org.openqa.selenium.remote.RemoteWebDriver.findElement(RemoteWebDriver.java:356)\n\tat org.openqa.selenium.remote.RemoteWebDriver.findElement(RemoteWebDriver.java:350)\n\tat com.symund.pages.DeckPage.clickButtonFromCardMenu(DeckPage.java:73)\n\tat com.symund.step_definitions.DeckStepDefs.the_user_clicks_button_to_assigns_the_card_to_themselves_on_list(DeckStepDefs.java:62)\n\tat ✽.the user clicks \"Assign to me\" button to assigns the card \"Expense Tracking\" to themselves on list \"Budget Breakdown\"(file:///home/runner/work/Symund-B32G26/Symund-B32G26/src/test/resources/features/Deck_Emir.feature:55)\n","steps":[],"attachments":[],"parameters":[],"shouldDisplayMessage":true,"stepsCount":0,"attachmentsCount":0,"hasContent":true,"attachmentStep":false},{"name":"Then  the card \"Expense Tracking\" should be assigned to the current user","time":{"start":1711237198218,"stop":1711237198219,"duration":1},"status":"skipped","steps":[],"attachments":[],"parameters":[],"shouldDisplayMessage":false,"stepsCount":0,"attachmentsCount":0,"hasContent":false,"attachmentStep":false}],"attachments":[],"parameters":[],"shouldDisplayMessage":false,"stepsCount":6,"attachmentsCount":0,"hasContent":true,"attachmentStep":false},"afterStages":[{"name":"com.symund.step_definitions.Hooks.tearDown(io.cucumber.java.Scenario)","time":{"start":1711237198219,"stop":1711237198406,"duration":187},"status":"passed","steps":[],"attachments":[{"uid":"153725075b1a325d","name":"User can assign a card to themselves","source":"153725075b1a325d.png","type":"image/png","size":87950}],"parameters":[],"shouldDisplayMessage":false,"stepsCount":0,"attachmentsCount":1,"hasContent":true,"attachmentStep":false}],"labels":[{"name":"tag","value":"B32G26-149"},{"name":"tag","value":"B32G26-148"},{"name":"host","value":"fv-az1391-496"},{"name":"thread","value":"2357@fv-az1391-496.main(1)"},{"name":"feature","value":"Deck Management"},{"name":"story","value":"User can assign a card to themselves"},{"name":"suite","value":"Deck Management"},{"name":"testClass","value":"User can assign a card to themselves"},{"name":"framework","value":"cucumber4jvm"},{"name":"language","value":"java"},{"name":"gherkin_uri","value":"file:///home/runner/work/Symund-B32G26/Symund-B32G26/src/test/resources/features/Deck_Emir.feature"},{"name":"package","value":"src.test.resources.features.Deck_Emir_feature.Deck Management"},{"name":"resultFormat","value":"allure2"}],"parameters":[{"name":"boardName","value":"Financial Planning"},{"name":"cardName","value":"Expense Tracking"},{"name":"listName","value":"Budget Breakdown"}],"links":[],"hidden":false,"retry":false,"extra":{"severity":"normal","retries":[],"categories":[{"name":"Test defects","matchedStatuses":[],"flaky":false}],"history":{"statistic":{"failed":0,"broken":6,"skipped":2,"passed":10,"unknown":0,"total":18},"items":[{"uid":"9957854992e8445e","reportUrl":"https://emiryazicii.github.io/Symund-B32G26/28//#testresult/9957854992e8445e","status":"broken","statusDetails":"no such element: Unable to locate element: {\"method\":\"xpath\",\"selector\":\"//span[contains(text(),'Assign to me')]\"}\n  (Session info: chrome=122.0.6261.128)\nFor documentation on this error, please visit: https://www.selenium.dev/documentation/webdriver/troubleshooting/errors#no-such-element-exception\nBuild info: version: '4.18.1', revision: 'b1d3319b48'\nSystem info: os.name: 'Linux', os.arch: 'amd64', os.version: '6.5.0-1016-azure', java.version: '11.0.22'\nDriver info: org.openqa.selenium.chrome.ChromeDriver\nCommand: [dad183a3519800baa3ebf066aea3138f, findElement {value=//span[contains(text(),'Assign to me')], using=xpath}]\nCapabilities {acceptInsecureCerts: false, browserName: chrome, browserVersion: 122.0.6261.128, chrome: {chromedriverVersion: 122.0.6261.128 (f18a44fedeb..., userDataDir: /tmp/.org.chromium.Chromium...}, fedcm:accounts: true, goog:chromeOptions: {debuggerAddress: localhost:46879}, networkConnectionEnabled: false, pageLoadStrategy: normal, platformName: linux, proxy: Proxy(), se:cdp: ws://localhost:46879/devtoo..., se:cdpVersion: 122.0.6261.128, setWindowRect: true, strictFileInteractability: false, timeouts: {implicit: 0, pageLoad: 300000, script: 30000}, unhandledPromptBehavior: dismiss and notify, webauthn:extension:credBlob: true, webauthn:extension:largeBlob: true, webauthn:extension:minPinLength: true, webauthn:extension:prf: true, webauthn:virtualAuthenticators: true}\nSession ID: dad183a3519800baa3ebf066aea3138f","time":{"start":1711235954849,"stop":1711235981755,"duration":26906}},{"uid":"4445433e7142d8ac","reportUrl":"https://emiryazicii.github.io/Symund-B32G26/27//#testresult/4445433e7142d8ac","status":"passed","time":{"start":1711235819907,"stop":1711235843920,"duration":24013}},{"uid":"dc0b6a07d7850eb","reportUrl":"https://emiryazicii.github.io/Symund-B32G26/26//#testresult/dc0b6a07d7850eb","status":"passed","time":{"start":1711234795310,"stop":1711234810191,"duration":14881}},{"uid":"61b7b1efdfa5e647","reportUrl":"https://emiryazicii.github.io/Symund-B32G26/25//#testresult/61b7b1efdfa5e647","status":"passed","time":{"start":1711233655268,"stop":1711233669955,"duration":14687}},{"uid":"13ee77c384eb1b4e","reportUrl":"https://emiryazicii.github.io/Symund-B32G26/24//#testresult/13ee77c384eb1b4e","status":"passed","time":{"start":1711233127534,"stop":1711233142480,"duration":14946}},{"uid":"56a0674605612947","reportUrl":"https://emiryazicii.github.io/Symund-B32G26/23//#testresult/56a0674605612947","status":"passed","time":{"start":1711172115174,"stop":1711172129750,"duration":14576}},{"uid":"560436f00a260128","reportUrl":"https://emiryazicii.github.io/Symund-B32G26/23//#testresult/560436f00a260128","status":"passed","time":{"start":1711143878026,"stop":1711143893435,"duration":15409}},{"uid":"482e7fa9d18e8c1e","reportUrl":"https://emiryazicii.github.io/Symund-B32G26/23//#testresult/482e7fa9d18e8c1e","status":"broken","statusDetails":"no such element: Unable to locate element: {\"method\":\"xpath\",\"selector\":\"//span[contains(text(),'Assign to me')]\"}\n  (Session info: chrome=122.0.6261.128)\nFor documentation on this error, please visit: https://www.selenium.dev/documentation/webdriver/troubleshooting/errors#no-such-element-exception\nBuild info: version: '4.18.1', revision: 'b1d3319b48'\nSystem info: os.name: 'Linux', os.arch: 'amd64', os.version: '6.5.0-1016-azure', java.version: '11.0.22'\nDriver info: org.openqa.selenium.chrome.ChromeDriver\nCommand: [a25222b2c372bd363eae7702d78c7414, findElement {value=//span[contains(text(),'Assign to me')], using=xpath}]\nCapabilities {acceptInsecureCerts: false, browserName: chrome, browserVersion: 122.0.6261.128, chrome: {chromedriverVersion: 122.0.6261.128 (f18a44fedeb..., userDataDir: /tmp/.org.chromium.Chromium...}, fedcm:accounts: true, goog:chromeOptions: {debuggerAddress: localhost:35627}, networkConnectionEnabled: false, pageLoadStrategy: normal, platformName: linux, proxy: Proxy(), se:cdp: ws://localhost:35627/devtoo..., se:cdpVersion: 122.0.6261.128, setWindowRect: true, strictFileInteractability: false, timeouts: {implicit: 0, pageLoad: 300000, script: 30000}, unhandledPromptBehavior: dismiss and notify, webauthn:extension:credBlob: true, webauthn:extension:largeBlob: true, webauthn:extension:minPinLength: true, webauthn:extension:prf: true, webauthn:virtualAuthenticators: true}\nSession ID: a25222b2c372bd363eae7702d78c7414","time":{"start":1711142792927,"stop":1711142819283,"duration":26356}},{"uid":"b8fd218e494cb6d6","reportUrl":"https://emiryazicii.github.io/Symund-B32G26/22//#testresult/b8fd218e494cb6d6","status":"passed","time":{"start":1711141891620,"stop":1711141904581,"duration":12961}},{"uid":"9aa0ac06f56ed923","reportUrl":"https://emiryazicii.github.io/Symund-B32G26/21//#testresult/9aa0ac06f56ed923","status":"skipped","statusDetails":"Could not start a new session. Response code 500. Message: session not created: Chrome failed to start: exited normally.\n  (session not created: DevToolsActivePort file doesn't exist)\n  (The process started from chrome location /usr/bin/google-chrome is no longer running, so ChromeDriver is assuming that Chrome has crashed.) \nHost info: host: 'fv-az1535-961', ip: '10.1.0.119'\nBuild info: version: '4.18.1', revision: 'b1d3319b48'\nSystem info: os.name: 'Linux', os.arch: 'amd64', os.version: '6.5.0-1016-azure', java.version: '11.0.22'\nDriver info: org.openqa.selenium.chrome.ChromeDriver\nCommand: [null, newSession {capabilities=[Capabilities {browserName: chrome, goog:chromeOptions: {args: [], binary: /usr/bin/google-chrome, extensions: []}}]}]","time":{"start":1711140981690,"stop":1711140982080,"duration":390}},{"uid":"7f8e2d180868785f","reportUrl":"https://emiryazicii.github.io/Symund-B32G26/20//#testresult/7f8e2d180868785f","status":"passed","time":{"start":1711038450168,"stop":1711038465184,"duration":15016}},{"uid":"ce1764e627cae2bd","reportUrl":"https://emiryazicii.github.io/Symund-B32G26/20//#testresult/ce1764e627cae2bd","status":"passed","time":{"start":1711036443935,"stop":1711036458011,"duration":14076}},{"uid":"c8b74f51eb421426","reportUrl":"https://emiryazicii.github.io/Symund-B32G26/19//#testresult/c8b74f51eb421426","status":"passed","time":{"start":1711007067096,"stop":1711007080844,"duration":13748}},{"uid":"646a3eb102c995f9","reportUrl":"https://emiryazicii.github.io/Symund-B32G26/18//#testresult/646a3eb102c995f9","status":"broken","statusDetails":"no such element: Unable to locate element: {\"method\":\"xpath\",\"selector\":\"//h3[contains(text(),'Budget Breakdown')]/../..//span[contains(text(),'Expense Tracking')]/../../..//button\"}\n  (Session info: chrome=122.0.6261.128)\nFor documentation on this error, please visit: https://www.selenium.dev/documentation/webdriver/troubleshooting/errors#no-such-element-exception\nBuild info: version: '4.18.1', revision: 'b1d3319b48'\nSystem info: os.name: 'Linux', os.arch: 'amd64', os.version: '6.5.0-1016-azure', java.version: '11.0.22'\nDriver info: org.openqa.selenium.chrome.ChromeDriver\nCommand: [575b1eaa7cd5cf96e77b12547ea5d094, findElement {using=xpath, value=//h3[contains(text(),'Budget Breakdown')]/../..//span[contains(text(),'Expense Tracking')]/../../..//button}]\nCapabilities {acceptInsecureCerts: false, browserName: chrome, browserVersion: 122.0.6261.128, chrome: {chromedriverVersion: 122.0.6261.128 (f18a44fedeb..., userDataDir: /tmp/.org.chromium.Chromium...}, fedcm:accounts: true, goog:chromeOptions: {debuggerAddress: localhost:43045}, networkConnectionEnabled: false, pageLoadStrategy: normal, platformName: linux, proxy: Proxy(), se:cdp: ws://localhost:43045/devtoo..., se:cdpVersion: 122.0.6261.128, setWindowRect: true, strictFileInteractability: false, timeouts: {implicit: 0, pageLoad: 300000, script: 30000}, unhandledPromptBehavior: dismiss and notify, webauthn:extension:credBlob: true, webauthn:extension:largeBlob: true, webauthn:extension:minPinLength: true, webauthn:extension:prf: true, webauthn:virtualAuthenticators: true}\nSession ID: 575b1eaa7cd5cf96e77b12547ea5d094","time":{"start":1711005438945,"stop":1711005461444,"duration":22499}},{"uid":"97cb177c19e4e96f","reportUrl":"https://emiryazicii.github.io/Symund-B32G26/16//#testresult/97cb177c19e4e96f","status":"broken","statusDetails":"Expected condition failed: waiting for element to be clickable: [[ChromeDriver: chrome on linux (9541fdfc7a89079ec6f67064da0557ce)] -> xpath: //span[@title='Financial Planning']/..] (tried for 10 second(s) with 500 milliseconds interval)\nBuild info: version: '4.18.1', revision: 'b1d3319b48'\nSystem info: os.name: 'Linux', os.arch: 'amd64', os.version: '6.5.0-1016-azure', java.version: '11.0.22'\nDriver info: org.openqa.selenium.chrome.ChromeDriver\nCapabilities {acceptInsecureCerts: false, browserName: chrome, browserVersion: 122.0.6261.128, chrome: {chromedriverVersion: 122.0.6261.128 (f18a44fedeb..., userDataDir: /tmp/.org.chromium.Chromium...}, fedcm:accounts: true, goog:chromeOptions: {debuggerAddress: localhost:41779}, networkConnectionEnabled: false, pageLoadStrategy: normal, platformName: linux, proxy: Proxy(), se:cdp: ws://localhost:41779/devtoo..., se:cdpVersion: 122.0.6261.128, setWindowRect: true, strictFileInteractability: false, timeouts: {implicit: 0, pageLoad: 300000, script: 30000}, unhandledPromptBehavior: dismiss and notify, webauthn:extension:credBlob: true, webauthn:extension:largeBlob: true, webauthn:extension:minPinLength: true, webauthn:extension:prf: true, webauthn:virtualAuthenticators: true}\nSession ID: 9541fdfc7a89079ec6f67064da0557ce","time":{"start":1711004040172,"stop":1711004061710,"duration":21538}},{"uid":"18b3389698e6560","reportUrl":"https://emiryazicii.github.io/Symund-B32G26/16//#testresult/18b3389698e6560","status":"broken","statusDetails":"no such element: Unable to locate element: {\"method\":\"xpath\",\"selector\":\"//span[contains(text(),'Assign to me')]\"}\n  (Session info: chrome=122.0.6261.128)\nFor documentation on this error, please visit: https://www.selenium.dev/documentation/webdriver/troubleshooting/errors#no-such-element-exception\nBuild info: version: '4.18.1', revision: 'b1d3319b48'\nSystem info: os.name: 'Linux', os.arch: 'amd64', os.version: '6.5.0-1016-azure', java.version: '11.0.22'\nDriver info: org.openqa.selenium.chrome.ChromeDriver\nCommand: [6fb14c61f00c06527a8b185f12c6879c, findElement {using=xpath, value=//span[contains(text(),'Assign to me')]}]\nCapabilities {acceptInsecureCerts: false, browserName: chrome, browserVersion: 122.0.6261.128, chrome: {chromedriverVersion: 122.0.6261.128 (f18a44fedeb..., userDataDir: /tmp/.org.chromium.Chromium...}, fedcm:accounts: true, goog:chromeOptions: {debuggerAddress: localhost:35589}, networkConnectionEnabled: false, pageLoadStrategy: normal, platformName: linux, proxy: Proxy(), se:cdp: ws://localhost:35589/devtoo..., se:cdpVersion: 122.0.6261.128, setWindowRect: true, strictFileInteractability: false, timeouts: {implicit: 0, pageLoad: 300000, script: 30000}, unhandledPromptBehavior: dismiss and notify, webauthn:extension:credBlob: true, webauthn:extension:largeBlob: true, webauthn:extension:minPinLength: true, webauthn:extension:prf: true, webauthn:virtualAuthenticators: true}\nSession ID: 6fb14c61f00c06527a8b185f12c6879c","time":{"start":1711003123876,"stop":1711003145946,"duration":22070}},{"uid":"7a9db6e6406057da","reportUrl":"https://emiryazicii.github.io/Symund-B32G26/15//#testresult/7a9db6e6406057da","status":"skipped","statusDetails":"Could not start a new session. Response code 500. Message: session not created: Chrome failed to start: exited normally.\n  (session not created: DevToolsActivePort file doesn't exist)\n  (The process started from chrome location /usr/bin/google-chrome is no longer running, so ChromeDriver is assuming that Chrome has crashed.) \nHost info: host: 'fv-az1106-902', ip: '10.1.0.28'\nBuild info: version: '4.18.1', revision: 'b1d3319b48'\nSystem info: os.name: 'Linux', os.arch: 'amd64', os.version: '6.5.0-1016-azure', java.version: '11.0.22'\nDriver info: org.openqa.selenium.chrome.ChromeDriver\nCommand: [null, newSession {capabilities=[Capabilities {browserName: chrome, goog:chromeOptions: {args: [], binary: /usr/bin/google-chrome, extensions: []}}]}]","time":{"start":1711002060245,"stop":1711002060622,"duration":377}}]},"tags":["B32G26-148","B32G26-149"]},"source":"be4abce0cbec05a8.json","parameterValues":["Financial Planning","Expense Tracking","Budget Breakdown"]}