{"uid":"89129c4458f73e63","name":"User can create a new folder","fullName":"src/test/resources/features/Files_Boris.feature:17","historyId":"c3c7ee2adae1ee1abc5cf27a7ba217e4","time":{"start":1711262912792,"stop":1711262927716,"duration":14924},"description":"  Agile story : As a user, I should be able to upload a file, move or delete any selected file under the Files module","descriptionHtml":"<p>Agile story : As a user, I should be able to upload a file, move or delete any selected file under the Files module</p>\n","status":"broken","statusMessage":"element click intercepted: Element <input type=\"submit\" value=\" \" class=\"icon-confirm\"> is not clickable at point (459, 161). Other element would receive the click: <div class=\"tooltip-inner\">...</div>\n  (Session info: chrome=122.0.6261.128)\nBuild info: version: '4.18.1', revision: 'b1d3319b48'\nSystem info: os.name: 'Linux', os.arch: 'amd64', os.version: '6.5.0-1016-azure', java.version: '11.0.22'\nDriver info: org.openqa.selenium.chrome.ChromeDriver\nCommand: [be3e51e40241462f356f76cb6ea07e12, clickElement {id=f.157A28C23F1633216EE09EE990199C66.d.E31623DAA23082A5A4E2943C2CD96012.e.239}]\nCapabilities {acceptInsecureCerts: false, browserName: chrome, browserVersion: 122.0.6261.128, chrome: {chromedriverVersion: 122.0.6261.128 (f18a44fedeb..., userDataDir: /tmp/.org.chromium.Chromium...}, fedcm:accounts: true, goog:chromeOptions: {debuggerAddress: localhost:34181}, networkConnectionEnabled: false, pageLoadStrategy: normal, platformName: linux, proxy: Proxy(), se:cdp: ws://localhost:34181/devtoo..., se:cdpVersion: 122.0.6261.128, setWindowRect: true, strictFileInteractability: false, timeouts: {implicit: 0, pageLoad: 300000, script: 30000}, unhandledPromptBehavior: dismiss and notify, webauthn:extension:credBlob: true, webauthn:extension:largeBlob: true, webauthn:extension:minPinLength: true, webauthn:extension:prf: true, webauthn:virtualAuthenticators: true}\nElement: [[ChromeDriver: chrome on linux (be3e51e40241462f356f76cb6ea07e12)] -> xpath: //input[@class='icon-confirm']]\nSession ID: be3e51e40241462f356f76cb6ea07e12","statusTrace":"org.openqa.selenium.ElementClickInterceptedException: element click intercepted: Element <input type=\"submit\" value=\" \" class=\"icon-confirm\"> is not clickable at point (459, 161). Other element would receive the click: <div class=\"tooltip-inner\">...</div>\n  (Session info: chrome=122.0.6261.128)\nBuild info: version: '4.18.1', revision: 'b1d3319b48'\nSystem info: os.name: 'Linux', os.arch: 'amd64', os.version: '6.5.0-1016-azure', java.version: '11.0.22'\nDriver info: org.openqa.selenium.chrome.ChromeDriver\nCommand: [be3e51e40241462f356f76cb6ea07e12, clickElement {id=f.157A28C23F1633216EE09EE990199C66.d.E31623DAA23082A5A4E2943C2CD96012.e.239}]\nCapabilities {acceptInsecureCerts: false, browserName: chrome, browserVersion: 122.0.6261.128, chrome: {chromedriverVersion: 122.0.6261.128 (f18a44fedeb..., userDataDir: /tmp/.org.chromium.Chromium...}, fedcm:accounts: true, goog:chromeOptions: {debuggerAddress: localhost:34181}, networkConnectionEnabled: false, pageLoadStrategy: normal, platformName: linux, proxy: Proxy(), se:cdp: ws://localhost:34181/devtoo..., se:cdpVersion: 122.0.6261.128, setWindowRect: true, strictFileInteractability: false, timeouts: {implicit: 0, pageLoad: 300000, script: 30000}, unhandledPromptBehavior: dismiss and notify, webauthn:extension:credBlob: true, webauthn:extension:largeBlob: true, webauthn:extension:minPinLength: true, webauthn:extension:prf: true, webauthn:virtualAuthenticators: true}\nElement: [[ChromeDriver: chrome on linux (be3e51e40241462f356f76cb6ea07e12)] -> xpath: //input[@class='icon-confirm']]\nSession ID: be3e51e40241462f356f76cb6ea07e12\n\tat java.base/jdk.internal.reflect.NativeConstructorAccessorImpl.newInstance0(Native Method)\n\tat java.base/jdk.internal.reflect.NativeConstructorAccessorImpl.newInstance(NativeConstructorAccessorImpl.java:62)\n\tat java.base/jdk.internal.reflect.DelegatingConstructorAccessorImpl.newInstance(DelegatingConstructorAccessorImpl.java:45)\n\tat java.base/java.lang.reflect.Constructor.newInstance(Constructor.java:490)\n\tat org.openqa.selenium.remote.ErrorCodec.decode(ErrorCodec.java:167)\n\tat org.openqa.selenium.remote.codec.w3c.W3CHttpResponseCodec.decode(W3CHttpResponseCodec.java:138)\n\tat org.openqa.selenium.remote.codec.w3c.W3CHttpResponseCodec.decode(W3CHttpResponseCodec.java:50)\n\tat org.openqa.selenium.remote.HttpCommandExecutor.execute(HttpCommandExecutor.java:190)\n\tat org.openqa.selenium.remote.service.DriverCommandExecutor.invokeExecute(DriverCommandExecutor.java:216)\n\tat org.openqa.selenium.remote.service.DriverCommandExecutor.execute(DriverCommandExecutor.java:174)\n\tat org.openqa.selenium.remote.RemoteWebDriver.execute(RemoteWebDriver.java:519)\n\tat org.openqa.selenium.remote.RemoteWebElement.execute(RemoteWebElement.java:223)\n\tat org.openqa.selenium.remote.RemoteWebElement.click(RemoteWebElement.java:76)\n\tat jdk.internal.reflect.GeneratedMethodAccessor115.invoke(Unknown Source)\n\tat java.base/jdk.internal.reflect.DelegatingMethodAccessorImpl.invoke(DelegatingMethodAccessorImpl.java:43)\n\tat java.base/java.lang.reflect.Method.invoke(Method.java:566)\n\tat org.openqa.selenium.support.pagefactory.internal.LocatingElementHandler.invoke(LocatingElementHandler.java:51)\n\tat com.sun.proxy.$Proxy22.click(Unknown Source)\n\tat com.symund.step_definitions.FilesStepDefs.userClicksOnArrowButton(FilesStepDefs.java:56)\n\tat ✽.user clicks on arrow button(file:///home/runner/work/Symund-B32G26/Symund-B32G26/src/test/resources/features/Files_Boris.feature:21)\n","flaky":false,"newFailed":false,"newBroken":true,"newPassed":false,"retriesCount":0,"retriesStatusChange":false,"beforeStages":[{"name":"com.symund.step_definitions.Hooks.setupMethod()","time":{"start":1711262912792,"stop":1711262914630,"duration":1838},"status":"passed","steps":[],"attachments":[],"parameters":[],"shouldDisplayMessage":false,"stepsCount":0,"attachmentsCount":0,"hasContent":false,"attachmentStep":false}],"testStage":{"description":"  Agile story : As a user, I should be able to upload a file, move or delete any selected file under the Files module","status":"broken","statusMessage":"element click intercepted: Element <input type=\"submit\" value=\" \" class=\"icon-confirm\"> is not clickable at point (459, 161). Other element would receive the click: <div class=\"tooltip-inner\">...</div>\n  (Session info: chrome=122.0.6261.128)\nBuild info: version: '4.18.1', revision: 'b1d3319b48'\nSystem info: os.name: 'Linux', os.arch: 'amd64', os.version: '6.5.0-1016-azure', java.version: '11.0.22'\nDriver info: org.openqa.selenium.chrome.ChromeDriver\nCommand: [be3e51e40241462f356f76cb6ea07e12, clickElement {id=f.157A28C23F1633216EE09EE990199C66.d.E31623DAA23082A5A4E2943C2CD96012.e.239}]\nCapabilities {acceptInsecureCerts: false, browserName: chrome, browserVersion: 122.0.6261.128, chrome: {chromedriverVersion: 122.0.6261.128 (f18a44fedeb..., userDataDir: /tmp/.org.chromium.Chromium...}, fedcm:accounts: true, goog:chromeOptions: {debuggerAddress: localhost:34181}, networkConnectionEnabled: false, pageLoadStrategy: normal, platformName: linux, proxy: Proxy(), se:cdp: ws://localhost:34181/devtoo..., se:cdpVersion: 122.0.6261.128, setWindowRect: true, strictFileInteractability: false, timeouts: {implicit: 0, pageLoad: 300000, script: 30000}, unhandledPromptBehavior: dismiss and notify, webauthn:extension:credBlob: true, webauthn:extension:largeBlob: true, webauthn:extension:minPinLength: true, webauthn:extension:prf: true, webauthn:virtualAuthenticators: true}\nElement: [[ChromeDriver: chrome on linux (be3e51e40241462f356f76cb6ea07e12)] -> xpath: //input[@class='icon-confirm']]\nSession ID: be3e51e40241462f356f76cb6ea07e12","statusTrace":"org.openqa.selenium.ElementClickInterceptedException: element click intercepted: Element <input type=\"submit\" value=\" \" class=\"icon-confirm\"> is not clickable at point (459, 161). Other element would receive the click: <div class=\"tooltip-inner\">...</div>\n  (Session info: chrome=122.0.6261.128)\nBuild info: version: '4.18.1', revision: 'b1d3319b48'\nSystem info: os.name: 'Linux', os.arch: 'amd64', os.version: '6.5.0-1016-azure', java.version: '11.0.22'\nDriver info: org.openqa.selenium.chrome.ChromeDriver\nCommand: [be3e51e40241462f356f76cb6ea07e12, clickElement {id=f.157A28C23F1633216EE09EE990199C66.d.E31623DAA23082A5A4E2943C2CD96012.e.239}]\nCapabilities {acceptInsecureCerts: false, browserName: chrome, browserVersion: 122.0.6261.128, chrome: {chromedriverVersion: 122.0.6261.128 (f18a44fedeb..., userDataDir: /tmp/.org.chromium.Chromium...}, fedcm:accounts: true, goog:chromeOptions: {debuggerAddress: localhost:34181}, networkConnectionEnabled: false, pageLoadStrategy: normal, platformName: linux, proxy: Proxy(), se:cdp: ws://localhost:34181/devtoo..., se:cdpVersion: 122.0.6261.128, setWindowRect: true, strictFileInteractability: false, timeouts: {implicit: 0, pageLoad: 300000, script: 30000}, unhandledPromptBehavior: dismiss and notify, webauthn:extension:credBlob: true, webauthn:extension:largeBlob: true, webauthn:extension:minPinLength: true, webauthn:extension:prf: true, webauthn:virtualAuthenticators: true}\nElement: [[ChromeDriver: chrome on linux (be3e51e40241462f356f76cb6ea07e12)] -> xpath: //input[@class='icon-confirm']]\nSession ID: be3e51e40241462f356f76cb6ea07e12\n\tat java.base/jdk.internal.reflect.NativeConstructorAccessorImpl.newInstance0(Native Method)\n\tat java.base/jdk.internal.reflect.NativeConstructorAccessorImpl.newInstance(NativeConstructorAccessorImpl.java:62)\n\tat java.base/jdk.internal.reflect.DelegatingConstructorAccessorImpl.newInstance(DelegatingConstructorAccessorImpl.java:45)\n\tat java.base/java.lang.reflect.Constructor.newInstance(Constructor.java:490)\n\tat org.openqa.selenium.remote.ErrorCodec.decode(ErrorCodec.java:167)\n\tat org.openqa.selenium.remote.codec.w3c.W3CHttpResponseCodec.decode(W3CHttpResponseCodec.java:138)\n\tat org.openqa.selenium.remote.codec.w3c.W3CHttpResponseCodec.decode(W3CHttpResponseCodec.java:50)\n\tat org.openqa.selenium.remote.HttpCommandExecutor.execute(HttpCommandExecutor.java:190)\n\tat org.openqa.selenium.remote.service.DriverCommandExecutor.invokeExecute(DriverCommandExecutor.java:216)\n\tat org.openqa.selenium.remote.service.DriverCommandExecutor.execute(DriverCommandExecutor.java:174)\n\tat org.openqa.selenium.remote.RemoteWebDriver.execute(RemoteWebDriver.java:519)\n\tat org.openqa.selenium.remote.RemoteWebElement.execute(RemoteWebElement.java:223)\n\tat org.openqa.selenium.remote.RemoteWebElement.click(RemoteWebElement.java:76)\n\tat jdk.internal.reflect.GeneratedMethodAccessor115.invoke(Unknown Source)\n\tat java.base/jdk.internal.reflect.DelegatingMethodAccessorImpl.invoke(DelegatingMethodAccessorImpl.java:43)\n\tat java.base/java.lang.reflect.Method.invoke(Method.java:566)\n\tat org.openqa.selenium.support.pagefactory.internal.LocatingElementHandler.invoke(LocatingElementHandler.java:51)\n\tat com.sun.proxy.$Proxy22.click(Unknown Source)\n\tat com.symund.step_definitions.FilesStepDefs.userClicksOnArrowButton(FilesStepDefs.java:56)\n\tat ✽.user clicks on arrow button(file:///home/runner/work/Symund-B32G26/Symund-B32G26/src/test/resources/features/Files_Boris.feature:21)\n","steps":[{"name":"Given  the user logs in with username \"Employee10\" and password \"Employee123\"","time":{"start":1711262914630,"stop":1711262922509,"duration":7879},"status":"passed","steps":[],"attachments":[],"parameters":[],"shouldDisplayMessage":false,"stepsCount":0,"attachmentsCount":0,"hasContent":false,"attachmentStep":false},{"name":"And  the user navigates to the File Module page","time":{"start":1711262922509,"stop":1711262925654,"duration":3145},"status":"passed","steps":[],"attachments":[],"parameters":[],"shouldDisplayMessage":false,"stepsCount":0,"attachmentsCount":0,"hasContent":false,"attachmentStep":false},{"name":"When  user clicks on plus button","time":{"start":1711262925655,"stop":1711262926303,"duration":648},"status":"passed","steps":[],"attachments":[],"parameters":[],"shouldDisplayMessage":false,"stepsCount":0,"attachmentsCount":0,"hasContent":false,"attachmentStep":false},{"name":"And  user clicks on New Folder option","time":{"start":1711262926304,"stop":1711262926355,"duration":51},"status":"passed","steps":[],"attachments":[],"parameters":[],"shouldDisplayMessage":false,"stepsCount":0,"attachmentsCount":0,"hasContent":false,"attachmentStep":false},{"name":"And  user put \"Boris\" in the input box","time":{"start":1711262926356,"stop":1711262926400,"duration":44},"status":"passed","steps":[],"attachments":[],"parameters":[],"shouldDisplayMessage":false,"stepsCount":0,"attachmentsCount":0,"hasContent":false,"attachmentStep":false},{"name":"And  user clicks on arrow button","time":{"start":1711262926400,"stop":1711262927516,"duration":1116},"status":"broken","statusMessage":"element click intercepted: Element <input type=\"submit\" value=\" \" class=\"icon-confirm\"> is not clickable at point (459, 161). Other element would receive the click: <div class=\"tooltip-inner\">...</div>\n  (Session info: chrome=122.0.6261.128)\nBuild info: version: '4.18.1', revision: 'b1d3319b48'\nSystem info: os.name: 'Linux', os.arch: 'amd64', os.version: '6.5.0-1016-azure', java.version: '11.0.22'\nDriver info: org.openqa.selenium.chrome.ChromeDriver\nCommand: [be3e51e40241462f356f76cb6ea07e12, clickElement {id=f.157A28C23F1633216EE09EE990199C66.d.E31623DAA23082A5A4E2943C2CD96012.e.239}]\nCapabilities {acceptInsecureCerts: false, browserName: chrome, browserVersion: 122.0.6261.128, chrome: {chromedriverVersion: 122.0.6261.128 (f18a44fedeb..., userDataDir: /tmp/.org.chromium.Chromium...}, fedcm:accounts: true, goog:chromeOptions: {debuggerAddress: localhost:34181}, networkConnectionEnabled: false, pageLoadStrategy: normal, platformName: linux, proxy: Proxy(), se:cdp: ws://localhost:34181/devtoo..., se:cdpVersion: 122.0.6261.128, setWindowRect: true, strictFileInteractability: false, timeouts: {implicit: 0, pageLoad: 300000, script: 30000}, unhandledPromptBehavior: dismiss and notify, webauthn:extension:credBlob: true, webauthn:extension:largeBlob: true, webauthn:extension:minPinLength: true, webauthn:extension:prf: true, webauthn:virtualAuthenticators: true}\nElement: [[ChromeDriver: chrome on linux (be3e51e40241462f356f76cb6ea07e12)] -> xpath: //input[@class='icon-confirm']]\nSession ID: be3e51e40241462f356f76cb6ea07e12","statusTrace":"org.openqa.selenium.ElementClickInterceptedException: element click intercepted: Element <input type=\"submit\" value=\" \" class=\"icon-confirm\"> is not clickable at point (459, 161). Other element would receive the click: <div class=\"tooltip-inner\">...</div>\n  (Session info: chrome=122.0.6261.128)\nBuild info: version: '4.18.1', revision: 'b1d3319b48'\nSystem info: os.name: 'Linux', os.arch: 'amd64', os.version: '6.5.0-1016-azure', java.version: '11.0.22'\nDriver info: org.openqa.selenium.chrome.ChromeDriver\nCommand: [be3e51e40241462f356f76cb6ea07e12, clickElement {id=f.157A28C23F1633216EE09EE990199C66.d.E31623DAA23082A5A4E2943C2CD96012.e.239}]\nCapabilities {acceptInsecureCerts: false, browserName: chrome, browserVersion: 122.0.6261.128, chrome: {chromedriverVersion: 122.0.6261.128 (f18a44fedeb..., userDataDir: /tmp/.org.chromium.Chromium...}, fedcm:accounts: true, goog:chromeOptions: {debuggerAddress: localhost:34181}, networkConnectionEnabled: false, pageLoadStrategy: normal, platformName: linux, proxy: Proxy(), se:cdp: ws://localhost:34181/devtoo..., se:cdpVersion: 122.0.6261.128, setWindowRect: true, strictFileInteractability: false, timeouts: {implicit: 0, pageLoad: 300000, script: 30000}, unhandledPromptBehavior: dismiss and notify, webauthn:extension:credBlob: true, webauthn:extension:largeBlob: true, webauthn:extension:minPinLength: true, webauthn:extension:prf: true, webauthn:virtualAuthenticators: true}\nElement: [[ChromeDriver: chrome on linux (be3e51e40241462f356f76cb6ea07e12)] -> xpath: //input[@class='icon-confirm']]\nSession ID: be3e51e40241462f356f76cb6ea07e12\n\tat java.base/jdk.internal.reflect.NativeConstructorAccessorImpl.newInstance0(Native Method)\n\tat java.base/jdk.internal.reflect.NativeConstructorAccessorImpl.newInstance(NativeConstructorAccessorImpl.java:62)\n\tat java.base/jdk.internal.reflect.DelegatingConstructorAccessorImpl.newInstance(DelegatingConstructorAccessorImpl.java:45)\n\tat java.base/java.lang.reflect.Constructor.newInstance(Constructor.java:490)\n\tat org.openqa.selenium.remote.ErrorCodec.decode(ErrorCodec.java:167)\n\tat org.openqa.selenium.remote.codec.w3c.W3CHttpResponseCodec.decode(W3CHttpResponseCodec.java:138)\n\tat org.openqa.selenium.remote.codec.w3c.W3CHttpResponseCodec.decode(W3CHttpResponseCodec.java:50)\n\tat org.openqa.selenium.remote.HttpCommandExecutor.execute(HttpCommandExecutor.java:190)\n\tat org.openqa.selenium.remote.service.DriverCommandExecutor.invokeExecute(DriverCommandExecutor.java:216)\n\tat org.openqa.selenium.remote.service.DriverCommandExecutor.execute(DriverCommandExecutor.java:174)\n\tat org.openqa.selenium.remote.RemoteWebDriver.execute(RemoteWebDriver.java:519)\n\tat org.openqa.selenium.remote.RemoteWebElement.execute(RemoteWebElement.java:223)\n\tat org.openqa.selenium.remote.RemoteWebElement.click(RemoteWebElement.java:76)\n\tat jdk.internal.reflect.GeneratedMethodAccessor115.invoke(Unknown Source)\n\tat java.base/jdk.internal.reflect.DelegatingMethodAccessorImpl.invoke(DelegatingMethodAccessorImpl.java:43)\n\tat java.base/java.lang.reflect.Method.invoke(Method.java:566)\n\tat org.openqa.selenium.support.pagefactory.internal.LocatingElementHandler.invoke(LocatingElementHandler.java:51)\n\tat com.sun.proxy.$Proxy22.click(Unknown Source)\n\tat com.symund.step_definitions.FilesStepDefs.userClicksOnArrowButton(FilesStepDefs.java:56)\n\tat ✽.user clicks on arrow button(file:///home/runner/work/Symund-B32G26/Symund-B32G26/src/test/resources/features/Files_Boris.feature:21)\n","steps":[],"attachments":[],"parameters":[],"shouldDisplayMessage":true,"stepsCount":0,"attachmentsCount":0,"hasContent":true,"attachmentStep":false},{"name":"Then  user see new folder with given name \"Boris\" in the list of files and folders","time":{"start":1711262927516,"stop":1711262927517,"duration":1},"status":"skipped","steps":[],"attachments":[],"parameters":[],"shouldDisplayMessage":false,"stepsCount":0,"attachmentsCount":0,"hasContent":false,"attachmentStep":false}],"attachments":[],"parameters":[],"shouldDisplayMessage":false,"stepsCount":7,"attachmentsCount":0,"hasContent":true,"attachmentStep":false},"afterStages":[{"name":"com.symund.step_definitions.Hooks.tearDown(io.cucumber.java.Scenario)","time":{"start":1711262927517,"stop":1711262927715,"duration":198},"status":"passed","steps":[],"attachments":[{"uid":"c7697c2991c91d9e","name":"User can create a new folder","source":"c7697c2991c91d9e.png","type":"image/png","size":88820}],"parameters":[],"shouldDisplayMessage":false,"stepsCount":0,"attachmentsCount":1,"hasContent":true,"attachmentStep":false}],"labels":[{"name":"tag","value":"B32G26-126"},{"name":"host","value":"fv-az1432-539"},{"name":"thread","value":"2350@fv-az1432-539.main(1)"},{"name":"feature","value":"US-002 - Upload/Edit/Delete File Module Functionality"},{"name":"story","value":"User can create a new folder"},{"name":"suite","value":"US-002 - Upload/Edit/Delete File Module Functionality"},{"name":"testClass","value":"User can create a new folder"},{"name":"framework","value":"cucumber4jvm"},{"name":"language","value":"java"},{"name":"gherkin_uri","value":"file:///home/runner/work/Symund-B32G26/Symund-B32G26/src/test/resources/features/Files_Boris.feature"},{"name":"package","value":"src.test.resources.features.Files_Boris_feature.US-002 - Upload/Edit/Delete File Module Functionality"},{"name":"resultFormat","value":"allure2"}],"parameters":[],"links":[],"hidden":false,"retry":false,"extra":{"severity":"normal","retries":[],"categories":[{"name":"Test defects","matchedStatuses":[],"flaky":false}],"history":{"statistic":{"failed":1,"broken":1,"skipped":1,"passed":15,"unknown":0,"total":18},"items":[{"uid":"dc9707c7a2a0be93","reportUrl":"https://emiryazicii.github.io/Symund-B32G26/33//#testresult/dc9707c7a2a0be93","status":"passed","time":{"start":1711261768500,"stop":1711261784467,"duration":15967}},{"uid":"ecbca8e8709b8dc7","reportUrl":"https://emiryazicii.github.io/Symund-B32G26/32//#testresult/ecbca8e8709b8dc7","status":"passed","time":{"start":1711260597635,"stop":1711260614037,"duration":16402}},{"uid":"9857bd8403566b3f","reportUrl":"https://emiryazicii.github.io/Symund-B32G26/31//#testresult/9857bd8403566b3f","status":"passed","time":{"start":1711258159156,"stop":1711258174964,"duration":15808}},{"uid":"51eee59f8ed36405","reportUrl":"https://emiryazicii.github.io/Symund-B32G26/30//#testresult/51eee59f8ed36405","status":"passed","time":{"start":1711257228013,"stop":1711257243812,"duration":15799}},{"uid":"acf188fe33a43885","reportUrl":"https://emiryazicii.github.io/Symund-B32G26/29//#testresult/acf188fe33a43885","status":"passed","time":{"start":1711254633384,"stop":1711254649339,"duration":15955}},{"uid":"791437f9e0b66152","reportUrl":"https://emiryazicii.github.io/Symund-B32G26/27//#testresult/791437f9e0b66152","status":"passed","time":{"start":1711239022218,"stop":1711239037914,"duration":15696}},{"uid":"97cfc5fe4e0ed962","reportUrl":"https://emiryazicii.github.io/Symund-B32G26/28//#testresult/97cfc5fe4e0ed962","status":"passed","time":{"start":1711237344359,"stop":1711237360291,"duration":15932}},{"uid":"be063873497a113e","reportUrl":"https://emiryazicii.github.io/Symund-B32G26/28//#testresult/be063873497a113e","status":"passed","time":{"start":1711236211698,"stop":1711236232308,"duration":20610}},{"uid":"afb64dd0cbbe1665","reportUrl":"https://emiryazicii.github.io/Symund-B32G26/27//#testresult/afb64dd0cbbe1665","status":"failed","statusDetails":"java.lang.AssertionError","time":{"start":1711236052474,"stop":1711236080510,"duration":28036}},{"uid":"4a9ea09134cc70f8","reportUrl":"https://emiryazicii.github.io/Symund-B32G26/26//#testresult/4a9ea09134cc70f8","status":"passed","time":{"start":1711234840764,"stop":1711234856324,"duration":15560}},{"uid":"8a27d80ee9c3d90c","reportUrl":"https://emiryazicii.github.io/Symund-B32G26/25//#testresult/8a27d80ee9c3d90c","status":"passed","time":{"start":1711233805031,"stop":1711233820895,"duration":15864}},{"uid":"c8a18c6dbd6df2cc","reportUrl":"https://emiryazicii.github.io/Symund-B32G26/24//#testresult/c8a18c6dbd6df2cc","status":"passed","time":{"start":1711233173864,"stop":1711233189204,"duration":15340}},{"uid":"3ca0bfa17bdccbf9","reportUrl":"https://emiryazicii.github.io/Symund-B32G26/23//#testresult/3ca0bfa17bdccbf9","status":"passed","time":{"start":1711172164990,"stop":1711172180692,"duration":15702}},{"uid":"a5e90100a13b5f4b","reportUrl":"https://emiryazicii.github.io/Symund-B32G26/23//#testresult/a5e90100a13b5f4b","status":"passed","time":{"start":1711143924021,"stop":1711143939983,"duration":15962}},{"uid":"4f23b7834a37a433","reportUrl":"https://emiryazicii.github.io/Symund-B32G26/23//#testresult/4f23b7834a37a433","status":"passed","time":{"start":1711142863188,"stop":1711142879599,"duration":16411}},{"uid":"7ea24825faa84b8c","reportUrl":"https://emiryazicii.github.io/Symund-B32G26/22//#testresult/7ea24825faa84b8c","status":"passed","time":{"start":1711141933179,"stop":1711141947895,"duration":14716}},{"uid":"a0234e2439aeed49","reportUrl":"https://emiryazicii.github.io/Symund-B32G26/21//#testresult/a0234e2439aeed49","status":"skipped","statusDetails":"Could not start a new session. Response code 500. Message: session not created: Chrome failed to start: exited normally.\n  (session not created: DevToolsActivePort file doesn't exist)\n  (The process started from chrome location /usr/bin/google-chrome is no longer running, so ChromeDriver is assuming that Chrome has crashed.) \nHost info: host: 'fv-az1535-961', ip: '10.1.0.119'\nBuild info: version: '4.18.1', revision: 'b1d3319b48'\nSystem info: os.name: 'Linux', os.arch: 'amd64', os.version: '6.5.0-1016-azure', java.version: '11.0.22'\nDriver info: org.openqa.selenium.chrome.ChromeDriver\nCommand: [null, newSession {capabilities=[Capabilities {browserName: chrome, goog:chromeOptions: {args: [], binary: /usr/bin/google-chrome, extensions: []}}]}]","time":{"start":1711140982876,"stop":1711140983258,"duration":382}}]},"tags":["B32G26-126"]},"source":"89129c4458f73e63.json","parameterValues":[]}